
Map:   0%|          | 0/981 [00:00<?, ? examples/s]
Map:  86%|████████▌ | 840/981 [00:00<00:00, 8319.99 examples/s]
Map: 100%|██████████| 981/981 [00:00<00:00, 8173.85 examples/s]
`torch_dtype` is deprecated! Use `dtype` instead!
`flash-attention` package not found, consider installing for better performance: No module named 'flash_attn'.
Current `flash-attention` does not support `window_size`. Either upgrade or use `attn_implementation='eager'`.

Loading checkpoint shards:   0%|          | 0/2 [00:00<?, ?it/s]
Loading checkpoint shards:  50%|█████     | 1/2 [00:01<00:01,  1.37s/it]
Loading checkpoint shards: 100%|██████████| 2/2 [00:02<00:00,  1.04it/s]
Loading checkpoint shards: 100%|██████████| 2/2 [00:02<00:00,  1.02s/it]
/root/miniconda3/envs/nlp-assignment3/lib/python3.10/site-packages/peft/tuners/lora/bnb.py:397: UserWarning: Merge lora module to 4-bit linear may get different generations due to rounding errors.
  warnings.warn(
/root/miniconda3/envs/nlp-assignment3/lib/python3.10/site-packages/peft/tuners/tuners_utils.py:282: UserWarning: Already found a `peft_config` attribute in the model. This will lead to having multiple adapters in the model. Make sure to know what you are doing!
  warnings.warn(

Adding EOS to train dataset:   0%|          | 0/981 [00:00<?, ? examples/s]
Adding EOS to train dataset: 100%|██████████| 981/981 [00:00<00:00, 29238.26 examples/s]

Tokenizing train dataset:   0%|          | 0/981 [00:00<?, ? examples/s]
Tokenizing train dataset:  21%|██        | 206/981 [00:00<00:00, 2041.46 examples/s]
Tokenizing train dataset:  51%|█████     | 497/981 [00:00<00:00, 2546.05 examples/s]
Tokenizing train dataset:  80%|████████  | 785/981 [00:00<00:00, 2695.97 examples/s]
Tokenizing train dataset: 100%|██████████| 981/981 [00:00<00:00, 2328.67 examples/s]

  0%|          | 0/124 [00:00<?, ?it/s]huggingface/tokenizers: The current process just got forked, after parallelism has already been used. Disabling parallelism to avoid deadlocks...
To disable this warning, you can either:
	- Avoid using `tokenizers` before the fork if possible
	- Explicitly set the environment variable TOKENIZERS_PARALLELISM=(true | false)
huggingface/tokenizers: The current process just got forked, after parallelism has already been used. Disabling parallelism to avoid deadlocks...
To disable this warning, you can either:
	- Avoid using `tokenizers` before the fork if possible
	- Explicitly set the environment variable TOKENIZERS_PARALLELISM=(true | false)
huggingface/tokenizers: The current process just got forked, after parallelism has already been used. Disabling parallelism to avoid deadlocks...
To disable this warning, you can either:
	- Avoid using `tokenizers` before the fork if possible
	- Explicitly set the environment variable TOKENIZERS_PARALLELISM=(true | false)
huggingface/tokenizers: The current process just got forked, after parallelism has already been used. Disabling parallelism to avoid deadlocks...
To disable this warning, you can either:
	- Avoid using `tokenizers` before the fork if possible
	- Explicitly set the environment variable TOKENIZERS_PARALLELISM=(true | false)
You are not running the flash-attention implementation, expect numerical differences.

  1%|          | 1/124 [00:03<06:09,  3.01s/it]
  2%|▏         | 2/124 [00:04<04:45,  2.34s/it]
  2%|▏         | 3/124 [00:06<04:11,  2.08s/it]
  3%|▎         | 4/124 [00:08<03:51,  1.93s/it]
  4%|▍         | 5/124 [00:10<03:44,  1.89s/it]
  5%|▍         | 6/124 [00:11<03:39,  1.86s/it]
  6%|▌         | 7/124 [00:13<03:32,  1.82s/it]
  6%|▋         | 8/124 [00:15<03:41,  1.91s/it]
  7%|▋         | 9/124 [00:17<03:38,  1.90s/it]
  8%|▊         | 10/124 [00:19<03:31,  1.85s/it]
  9%|▉         | 11/124 [00:21<03:26,  1.82s/it]
 10%|▉         | 12/124 [00:22<03:20,  1.79s/it]
 10%|█         | 13/124 [00:24<03:22,  1.82s/it]
 11%|█▏        | 14/124 [00:26<03:17,  1.79s/it]
 12%|█▏        | 15/124 [00:28<03:17,  1.81s/it]
 13%|█▎        | 16/124 [00:30<03:26,  1.91s/it]
 14%|█▎        | 17/124 [00:32<03:22,  1.89s/it]
 15%|█▍        | 18/124 [00:34<03:16,  1.85s/it]
 15%|█▌        | 19/124 [00:35<03:11,  1.82s/it]
 16%|█▌        | 20/124 [00:37<03:07,  1.81s/it]
 17%|█▋        | 21/124 [00:39<03:04,  1.79s/it]
 18%|█▊        | 22/124 [00:41<03:01,  1.78s/it]
 19%|█▊        | 23/124 [00:43<03:01,  1.80s/it]
 19%|█▉        | 24/124 [00:45<03:07,  1.87s/it]
 20%|██        | 25/124 [00:46<03:02,  1.85s/it]
                                                

 20%|██        | 25/124 [00:46<03:02,  1.85s/it]
 21%|██        | 26/124 [00:48<03:00,  1.84s/it]
 22%|██▏       | 27/124 [00:50<02:57,  1.83s/it]
 23%|██▎       | 28/124 [00:52<02:57,  1.85s/it]
 23%|██▎       | 29/124 [00:54<02:53,  1.82s/it]
 24%|██▍       | 30/124 [00:55<02:49,  1.80s/it]
 25%|██▌       | 31/124 [00:57<02:45,  1.78s/it]
 26%|██▌       | 32/124 [00:59<02:43,  1.78s/it]
 27%|██▋       | 33/124 [01:01<02:48,  1.85s/it]
 27%|██▋       | 34/124 [01:03<02:43,  1.82s/it]
 28%|██▊       | 35/124 [01:04<02:41,  1.82s/it]
 29%|██▉       | 36/124 [01:06<02:36,  1.78s/it]
 30%|██▉       | 37/124 [01:08<02:33,  1.76s/it]
 31%|███       | 38/124 [01:10<02:31,  1.77s/it]
 31%|███▏      | 39/124 [01:11<02:30,  1.77s/it]
 32%|███▏      | 40/124 [01:13<02:30,  1.79s/it]
 33%|███▎      | 41/124 [01:15<02:33,  1.85s/it]
 34%|███▍      | 42/124 [01:17<02:29,  1.83s/it]
 35%|███▍      | 43/124 [01:19<02:28,  1.84s/it]
 35%|███▌      | 44/124 [01:21<02:24,  1.81s/it]
 36%|███▋      | 45/124 [01:22<02:23,  1.82s/it]
 37%|███▋      | 46/124 [01:24<02:21,  1.81s/it]
 38%|███▊      | 47/124 [01:26<02:18,  1.80s/it]
 39%|███▊      | 48/124 [01:28<02:16,  1.80s/it]
 40%|███▉      | 49/124 [01:30<02:14,  1.80s/it]
 40%|████      | 50/124 [01:32<02:18,  1.87s/it]
                                                

 40%|████      | 50/124 [01:32<02:18,  1.87s/it]
 41%|████      | 51/124 [01:34<02:15,  1.86s/it]
 42%|████▏     | 52/124 [01:35<02:10,  1.82s/it]
 43%|████▎     | 53/124 [01:37<02:07,  1.79s/it]
 44%|████▎     | 54/124 [01:39<02:07,  1.81s/it]
 44%|████▍     | 55/124 [01:41<02:07,  1.85s/it]
 45%|████▌     | 56/124 [01:43<02:04,  1.84s/it]
 46%|████▌     | 57/124 [01:44<02:03,  1.84s/it]
 47%|████▋     | 58/124 [01:46<02:04,  1.89s/it]
 48%|████▊     | 59/124 [01:48<02:00,  1.86s/it]
 48%|████▊     | 60/124 [01:50<01:56,  1.82s/it]
 49%|████▉     | 61/124 [01:52<01:53,  1.80s/it]
 50%|█████     | 62/124 [01:53<01:35,  1.53s/it]huggingface/tokenizers: The current process just got forked, after parallelism has already been used. Disabling parallelism to avoid deadlocks...
To disable this warning, you can either:
	- Avoid using `tokenizers` before the fork if possible
	- Explicitly set the environment variable TOKENIZERS_PARALLELISM=(true | false)
huggingface/tokenizers: The current process just got forked, after parallelism has already been used. Disabling parallelism to avoid deadlocks...
To disable this warning, you can either:
	- Avoid using `tokenizers` before the fork if possible
	- Explicitly set the environment variable TOKENIZERS_PARALLELISM=(true | false)
huggingface/tokenizers: The current process just got forked, after parallelism has already been used. Disabling parallelism to avoid deadlocks...
To disable this warning, you can either:
	- Avoid using `tokenizers` before the fork if possible
	- Explicitly set the environment variable TOKENIZERS_PARALLELISM=(true | false)
huggingface/tokenizers: The current process just got forked, after parallelism has already been used. Disabling parallelism to avoid deadlocks...
To disable this warning, you can either:
	- Avoid using `tokenizers` before the fork if possible
	- Explicitly set the environment variable TOKENIZERS_PARALLELISM=(true | false)

 51%|█████     | 63/124 [01:55<01:42,  1.69s/it]
 52%|█████▏    | 64/124 [01:57<01:45,  1.76s/it]
 52%|█████▏    | 65/124 [01:59<01:48,  1.84s/it]
 53%|█████▎    | 66/124 [02:00<01:46,  1.83s/it]
 54%|█████▍    | 67/124 [02:02<01:43,  1.82s/it]
 55%|█████▍    | 68/124 [02:04<01:39,  1.78s/it]
 56%|█████▌    | 69/124 [02:06<01:37,  1.78s/it]
 56%|█████▋    | 70/124 [02:07<01:34,  1.74s/it]
 57%|█████▋    | 71/124 [02:09<01:32,  1.75s/it]
 58%|█████▊    | 72/124 [02:11<01:30,  1.75s/it]
 59%|█████▉    | 73/124 [02:13<01:31,  1.79s/it]
 60%|█████▉    | 74/124 [02:14<01:28,  1.77s/it]
 60%|██████    | 75/124 [02:17<01:31,  1.86s/it]
                                                

 60%|██████    | 75/124 [02:17<01:31,  1.86s/it]
 61%|██████▏   | 76/124 [02:18<01:28,  1.85s/it]
 62%|██████▏   | 77/124 [02:20<01:24,  1.80s/it]
 63%|██████▎   | 78/124 [02:22<01:22,  1.80s/it]
 64%|██████▎   | 79/124 [02:24<01:20,  1.79s/it]
 65%|██████▍   | 80/124 [02:25<01:18,  1.78s/it]
 65%|██████▌   | 81/124 [02:27<01:14,  1.74s/it]
 66%|██████▌   | 82/124 [02:29<01:13,  1.74s/it]
 67%|██████▋   | 83/124 [02:31<01:15,  1.85s/it]
 68%|██████▊   | 84/124 [02:33<01:12,  1.82s/it]
 69%|██████▊   | 85/124 [02:34<01:10,  1.80s/it]
 69%|██████▉   | 86/124 [02:36<01:08,  1.81s/it]
 70%|███████   | 87/124 [02:38<01:07,  1.83s/it]
 71%|███████   | 88/124 [02:40<01:05,  1.81s/it]
 72%|███████▏  | 89/124 [02:42<01:03,  1.81s/it]
 73%|███████▎  | 90/124 [02:43<01:01,  1.80s/it]
 73%|███████▎  | 91/124 [02:45<00:59,  1.79s/it]
 74%|███████▍  | 92/124 [02:47<00:59,  1.87s/it]
 75%|███████▌  | 93/124 [02:49<00:57,  1.85s/it]
 76%|███████▌  | 94/124 [02:51<00:55,  1.84s/it]
 77%|███████▋  | 95/124 [02:53<00:52,  1.81s/it]
 77%|███████▋  | 96/124 [02:54<00:50,  1.79s/it]
 78%|███████▊  | 97/124 [02:56<00:48,  1.78s/it]
 79%|███████▉  | 98/124 [02:58<00:46,  1.78s/it]
 80%|███████▉  | 99/124 [03:00<00:44,  1.77s/it]
 81%|████████  | 100/124 [03:02<00:44,  1.85s/it]
                                                 

 81%|████████  | 100/124 [03:02<00:44,  1.85s/it]
 81%|████████▏ | 101/124 [03:03<00:42,  1.83s/it]
 82%|████████▏ | 102/124 [03:05<00:39,  1.82s/it]
 83%|████████▎ | 103/124 [03:07<00:37,  1.79s/it]
 84%|████████▍ | 104/124 [03:09<00:35,  1.77s/it]
 85%|████████▍ | 105/124 [03:10<00:33,  1.76s/it]
 85%|████████▌ | 106/124 [03:12<00:31,  1.77s/it]
 86%|████████▋ | 107/124 [03:14<00:29,  1.75s/it]
 87%|████████▋ | 108/124 [03:16<00:29,  1.83s/it]
 88%|████████▊ | 109/124 [03:18<00:27,  1.81s/it]
 89%|████████▊ | 110/124 [03:20<00:25,  1.82s/it]
 90%|████████▉ | 111/124 [03:21<00:23,  1.80s/it]
 90%|█████████ | 112/124 [03:23<00:21,  1.83s/it]
 91%|█████████ | 113/124 [03:25<00:20,  1.82s/it]
 92%|█████████▏| 114/124 [03:27<00:18,  1.82s/it]
 93%|█████████▎| 115/124 [03:28<00:15,  1.77s/it]
 94%|█████████▎| 116/124 [03:31<00:14,  1.85s/it]
 94%|█████████▍| 117/124 [03:32<00:12,  1.80s/it]
 95%|█████████▌| 118/124 [03:34<00:10,  1.77s/it]
 96%|█████████▌| 119/124 [03:36<00:08,  1.79s/it]
 97%|█████████▋| 120/124 [03:38<00:07,  1.79s/it]
 98%|█████████▊| 121/124 [03:39<00:05,  1.76s/it]
 98%|█████████▊| 122/124 [03:41<00:03,  1.74s/it]
 99%|█████████▉| 123/124 [03:43<00:01,  1.77s/it]
100%|██████████| 124/124 [03:44<00:00,  1.58s/it]
                                                 

100%|██████████| 124/124 [03:45<00:00,  1.58s/it]
100%|██████████| 124/124 [03:45<00:00,  1.81s/it]

Map:   0%|          | 0/981 [00:00<?, ? examples/s]
Map:  86%|████████▋ | 847/981 [00:00<00:00, 8388.43 examples/s]
Map: 100%|██████████| 981/981 [00:00<00:00, 8231.36 examples/s]
`torch_dtype` is deprecated! Use `dtype` instead!
`flash-attention` package not found, consider installing for better performance: No module named 'flash_attn'.
Current `flash-attention` does not support `window_size`. Either upgrade or use `attn_implementation='eager'`.

Loading checkpoint shards:   0%|          | 0/2 [00:00<?, ?it/s]
Loading checkpoint shards:  50%|█████     | 1/2 [00:01<00:01,  1.36s/it]
Loading checkpoint shards: 100%|██████████| 2/2 [00:02<00:00,  1.03it/s]
Loading checkpoint shards: 100%|██████████| 2/2 [00:02<00:00,  1.03s/it]
/root/miniconda3/envs/nlp-assignment3/lib/python3.10/site-packages/peft/tuners/lora/bnb.py:397: UserWarning: Merge lora module to 4-bit linear may get different generations due to rounding errors.
  warnings.warn(
/root/miniconda3/envs/nlp-assignment3/lib/python3.10/site-packages/peft/tuners/tuners_utils.py:282: UserWarning: Already found a `peft_config` attribute in the model. This will lead to having multiple adapters in the model. Make sure to know what you are doing!
  warnings.warn(

Adding EOS to train dataset:   0%|          | 0/490 [00:00<?, ? examples/s]
Adding EOS to train dataset: 100%|██████████| 490/490 [00:00<00:00, 23787.97 examples/s]

Tokenizing train dataset:   0%|          | 0/490 [00:00<?, ? examples/s]
Tokenizing train dataset:  39%|███▉      | 191/490 [00:00<00:00, 1891.18 examples/s]
Tokenizing train dataset:  96%|█████████▌| 471/490 [00:00<00:00, 2416.16 examples/s]
Tokenizing train dataset: 100%|██████████| 490/490 [00:00<00:00, 2070.18 examples/s]

  0%|          | 0/62 [00:00<?, ?it/s]huggingface/tokenizers: The current process just got forked, after parallelism has already been used. Disabling parallelism to avoid deadlocks...
To disable this warning, you can either:
	- Avoid using `tokenizers` before the fork if possible
	- Explicitly set the environment variable TOKENIZERS_PARALLELISM=(true | false)
huggingface/tokenizers: The current process just got forked, after parallelism has already been used. Disabling parallelism to avoid deadlocks...
To disable this warning, you can either:
	- Avoid using `tokenizers` before the fork if possible
	- Explicitly set the environment variable TOKENIZERS_PARALLELISM=(true | false)
huggingface/tokenizers: The current process just got forked, after parallelism has already been used. Disabling parallelism to avoid deadlocks...
To disable this warning, you can either:
	- Avoid using `tokenizers` before the fork if possible
	- Explicitly set the environment variable TOKENIZERS_PARALLELISM=(true | false)
huggingface/tokenizers: The current process just got forked, after parallelism has already been used. Disabling parallelism to avoid deadlocks...
To disable this warning, you can either:
	- Avoid using `tokenizers` before the fork if possible
	- Explicitly set the environment variable TOKENIZERS_PARALLELISM=(true | false)
You are not running the flash-attention implementation, expect numerical differences.

  2%|▏         | 1/62 [00:02<03:01,  2.98s/it]
  3%|▎         | 2/62 [00:04<02:21,  2.36s/it]
  5%|▍         | 3/62 [00:06<02:04,  2.11s/it]
  6%|▋         | 4/62 [00:08<01:55,  1.99s/it]
  8%|▊         | 5/62 [00:10<01:47,  1.89s/it]
 10%|▉         | 6/62 [00:12<01:44,  1.86s/it]
 11%|█▏        | 7/62 [00:13<01:41,  1.85s/it]
 13%|█▎        | 8/62 [00:16<01:45,  1.95s/it]
 15%|█▍        | 9/62 [00:17<01:40,  1.89s/it]
 16%|█▌        | 10/62 [00:19<01:39,  1.90s/it]
 18%|█▊        | 11/62 [00:21<01:36,  1.89s/it]
 19%|█▉        | 12/62 [00:23<01:33,  1.86s/it]
 21%|██        | 13/62 [00:25<01:29,  1.84s/it]
 23%|██▎       | 14/62 [00:26<01:26,  1.81s/it]
 24%|██▍       | 15/62 [00:28<01:23,  1.78s/it]
 26%|██▌       | 16/62 [00:30<01:24,  1.83s/it]
 27%|██▋       | 17/62 [00:32<01:20,  1.80s/it]
 29%|██▉       | 18/62 [00:34<01:18,  1.79s/it]
 31%|███       | 19/62 [00:35<01:16,  1.78s/it]
 32%|███▏      | 20/62 [00:37<01:14,  1.77s/it]
 34%|███▍      | 21/62 [00:39<01:13,  1.80s/it]
 35%|███▌      | 22/62 [00:41<01:12,  1.80s/it]
 37%|███▋      | 23/62 [00:42<01:09,  1.77s/it]
 39%|███▊      | 24/62 [00:45<01:10,  1.87s/it]
 40%|████      | 25/62 [00:46<01:07,  1.83s/it]
                                               

 40%|████      | 25/62 [00:46<01:07,  1.83s/it]
 42%|████▏     | 26/62 [00:48<01:04,  1.79s/it]
 44%|████▎     | 27/62 [00:50<01:02,  1.78s/it]
 45%|████▌     | 28/62 [00:52<01:00,  1.79s/it]
 47%|████▋     | 29/62 [00:53<00:59,  1.79s/it]
 48%|████▊     | 30/62 [00:55<00:57,  1.80s/it]
 50%|█████     | 31/62 [00:57<00:51,  1.67s/it]huggingface/tokenizers: The current process just got forked, after parallelism has already been used. Disabling parallelism to avoid deadlocks...
To disable this warning, you can either:
	- Avoid using `tokenizers` before the fork if possible
	- Explicitly set the environment variable TOKENIZERS_PARALLELISM=(true | false)
huggingface/tokenizers: The current process just got forked, after parallelism has already been used. Disabling parallelism to avoid deadlocks...
To disable this warning, you can either:
	- Avoid using `tokenizers` before the fork if possible
	- Explicitly set the environment variable TOKENIZERS_PARALLELISM=(true | false)
huggingface/tokenizers: The current process just got forked, after parallelism has already been used. Disabling parallelism to avoid deadlocks...
To disable this warning, you can either:
	- Avoid using `tokenizers` before the fork if possible
	- Explicitly set the environment variable TOKENIZERS_PARALLELISM=(true | false)
huggingface/tokenizers: The current process just got forked, after parallelism has already been used. Disabling parallelism to avoid deadlocks...
To disable this warning, you can either:
	- Avoid using `tokenizers` before the fork if possible
	- Explicitly set the environment variable TOKENIZERS_PARALLELISM=(true | false)

 52%|█████▏    | 32/62 [00:58<00:52,  1.76s/it]
 53%|█████▎    | 33/62 [01:01<00:54,  1.87s/it]
 55%|█████▍    | 34/62 [01:03<00:52,  1.87s/it]
 56%|█████▋    | 35/62 [01:04<00:50,  1.87s/it]
 58%|█████▊    | 36/62 [01:06<00:47,  1.84s/it]
 60%|█████▉    | 37/62 [01:08<00:45,  1.82s/it]
 61%|██████▏   | 38/62 [01:10<00:43,  1.81s/it]
 63%|██████▎   | 39/62 [01:12<00:41,  1.81s/it]
 65%|██████▍   | 40/62 [01:13<00:39,  1.79s/it]
 66%|██████▌   | 41/62 [01:15<00:37,  1.78s/it]
 68%|██████▊   | 42/62 [01:17<00:37,  1.88s/it]
 69%|██████▉   | 43/62 [01:19<00:35,  1.85s/it]
 71%|███████   | 44/62 [01:21<00:32,  1.82s/it]
 73%|███████▎  | 45/62 [01:22<00:30,  1.81s/it]
 74%|███████▍  | 46/62 [01:24<00:28,  1.78s/it]
 76%|███████▌  | 47/62 [01:26<00:26,  1.79s/it]
 77%|███████▋  | 48/62 [01:28<00:24,  1.78s/it]
 79%|███████▉  | 49/62 [01:29<00:22,  1.75s/it]
 81%|████████  | 50/62 [01:31<00:21,  1.83s/it]
                                               

 81%|████████  | 50/62 [01:31<00:21,  1.83s/it]
 82%|████████▏ | 51/62 [01:33<00:20,  1.83s/it]
 84%|████████▍ | 52/62 [01:35<00:18,  1.82s/it]
 85%|████████▌ | 53/62 [01:37<00:16,  1.80s/it]
 87%|████████▋ | 54/62 [01:39<00:14,  1.79s/it]
 89%|████████▊ | 55/62 [01:40<00:12,  1.81s/it]
 90%|█████████ | 56/62 [01:42<00:11,  1.84s/it]
 92%|█████████▏| 57/62 [01:44<00:09,  1.86s/it]
 94%|█████████▎| 58/62 [01:46<00:07,  1.91s/it]
 95%|█████████▌| 59/62 [01:48<00:05,  1.86s/it]
 97%|█████████▋| 60/62 [01:50<00:03,  1.82s/it]
 98%|█████████▊| 61/62 [01:51<00:01,  1.79s/it]
100%|██████████| 62/62 [01:53<00:00,  1.71s/it]
                                               

100%|██████████| 62/62 [01:54<00:00,  1.71s/it]
100%|██████████| 62/62 [01:54<00:00,  1.84s/it]
`torch_dtype` is deprecated! Use `dtype` instead!
`flash-attention` package not found, consider installing for better performance: No module named 'flash_attn'.
Current `flash-attention` does not support `window_size`. Either upgrade or use `attn_implementation='eager'`.

Loading checkpoint shards:   0%|          | 0/2 [00:00<?, ?it/s]
Loading checkpoint shards:  50%|█████     | 1/2 [00:01<00:01,  1.36s/it]
Loading checkpoint shards: 100%|██████████| 2/2 [00:02<00:00,  1.04it/s]
Loading checkpoint shards: 100%|██████████| 2/2 [00:02<00:00,  1.02s/it]
/root/miniconda3/envs/nlp-assignment3/lib/python3.10/site-packages/peft/tuners/lora/bnb.py:397: UserWarning: Merge lora module to 4-bit linear may get different generations due to rounding errors.
  warnings.warn(

  ckpt2 alpaca:   0%|          | 0/150 [00:00<?, ?it/s]The following generation flags are not valid and may be ignored: ['temperature']. Set `TRANSFORMERS_VERBOSITY=info` for more details.
You are not running the flash-attention implementation, expect numerical differences.

  ckpt2 alpaca:   1%|          | 1/150 [00:30<1:15:10, 30.27s/it]
  ckpt2 alpaca:   1%|▏         | 2/150 [00:41<46:26, 18.83s/it]  
  ckpt2 alpaca:   2%|▏         | 3/150 [01:13<1:01:03, 24.92s/it]
  ckpt2 alpaca:   3%|▎         | 4/150 [01:36<58:36, 24.09s/it]  
  ckpt2 alpaca:   3%|▎         | 5/150 [01:40<40:43, 16.85s/it]
  ckpt2 alpaca:   4%|▍         | 6/150 [02:12<53:01, 22.09s/it]
  ckpt2 alpaca:   5%|▍         | 7/150 [02:44<1:00:35, 25.42s/it]
  ckpt2 alpaca:   5%|▌         | 8/150 [02:47<42:52, 18.11s/it]  
  ckpt2 alpaca:   6%|▌         | 9/150 [03:12<48:08, 20.49s/it]
  ckpt2 alpaca:   7%|▋         | 10/150 [03:22<39:51, 17.08s/it]
  ckpt2 alpaca:   7%|▋         | 11/150 [03:34<36:07, 15.59s/it]
  ckpt2 alpaca:   8%|▊         | 12/150 [04:06<47:27, 20.64s/it]
  ckpt2 alpaca:   9%|▊         | 13/150 [04:39<55:14, 24.19s/it]
  ckpt2 alpaca:   9%|▉         | 14/150 [04:41<39:42, 17.52s/it]
  ckpt2 alpaca:  10%|█         | 15/150 [04:44<29:58, 13.32s/it]
  ckpt2 alpaca:  11%|█         | 16/150 [05:09<37:25, 16.76s/it]
  ckpt2 alpaca:  11%|█▏        | 17/150 [05:34<42:31, 19.18s/it]
  ckpt2 alpaca:  12%|█▏        | 18/150 [05:34<29:56, 13.61s/it]
  ckpt2 alpaca:  13%|█▎        | 19/150 [05:39<23:55, 10.96s/it]
  ckpt2 alpaca:  13%|█▎        | 20/150 [06:09<36:12, 16.71s/it]
  ckpt2 alpaca:  14%|█▍        | 21/150 [06:42<46:02, 21.41s/it]
  ckpt2 alpaca:  15%|█▍        | 22/150 [06:53<39:21, 18.45s/it]
  ckpt2 alpaca:  15%|█▌        | 23/150 [07:00<31:46, 15.01s/it]
  ckpt2 alpaca:  16%|█▌        | 24/150 [07:33<42:31, 20.25s/it]
  ckpt2 alpaca:  17%|█▋        | 25/150 [08:00<46:28, 22.31s/it]
  ckpt2 alpaca:  17%|█▋        | 26/150 [08:23<46:52, 22.68s/it]
  ckpt2 alpaca:  18%|█▊        | 27/150 [08:53<50:46, 24.77s/it]
  ckpt2 alpaca:  19%|█▊        | 28/150 [09:14<48:14, 23.73s/it]
  ckpt2 alpaca:  19%|█▉        | 29/150 [09:19<36:07, 17.91s/it]
  ckpt2 alpaca:  20%|██        | 30/150 [09:22<27:22, 13.69s/it]
  ckpt2 alpaca:  21%|██        | 31/150 [09:41<30:00, 15.13s/it]
  ckpt2 alpaca:  21%|██▏       | 32/150 [10:13<39:52, 20.28s/it]
  ckpt2 alpaca:  22%|██▏       | 33/150 [10:18<30:30, 15.65s/it]
  ckpt2 alpaca:  23%|██▎       | 34/150 [10:19<21:30, 11.13s/it]
  ckpt2 alpaca:  23%|██▎       | 35/150 [10:51<33:35, 17.53s/it]
  ckpt2 alpaca:  24%|██▍       | 36/150 [11:18<38:46, 20.41s/it]
  ckpt2 alpaca:  25%|██▍       | 37/150 [11:51<45:10, 23.99s/it]
  ckpt2 alpaca:  25%|██▌       | 38/150 [11:52<31:57, 17.12s/it]
  ckpt2 alpaca:  26%|██▌       | 39/150 [12:14<34:27, 18.62s/it]
  ckpt2 alpaca:  27%|██▋       | 40/150 [12:25<29:55, 16.32s/it]
  ckpt2 alpaca:  27%|██▋       | 41/150 [12:32<24:28, 13.48s/it]
  ckpt2 alpaca:  28%|██▊       | 42/150 [12:32<17:21,  9.65s/it]
  ckpt2 alpaca:  29%|██▊       | 43/150 [12:45<18:33, 10.41s/it]
  ckpt2 alpaca:  29%|██▉       | 44/150 [13:07<24:38, 13.95s/it]
  ckpt2 alpaca:  30%|███       | 45/150 [13:09<18:26, 10.54s/it]
  ckpt2 alpaca:  31%|███       | 46/150 [13:38<27:32, 15.89s/it]
  ckpt2 alpaca:  31%|███▏      | 47/150 [14:07<34:16, 19.97s/it]
  ckpt2 alpaca:  32%|███▏      | 48/150 [14:39<40:09, 23.62s/it]
  ckpt2 alpaca:  33%|███▎      | 49/150 [14:58<37:03, 22.02s/it]
  ckpt2 alpaca:  33%|███▎      | 50/150 [15:30<41:47, 25.07s/it]
  ckpt2 alpaca:  34%|███▍      | 51/150 [15:40<33:46, 20.47s/it]
  ckpt2 alpaca:  35%|███▍      | 52/150 [15:43<24:56, 15.27s/it]
  ckpt2 alpaca:  35%|███▌      | 53/150 [15:52<21:48, 13.49s/it]
  ckpt2 alpaca:  36%|███▌      | 54/150 [15:54<15:59, 10.00s/it]
  ckpt2 alpaca:  37%|███▋      | 55/150 [16:26<26:18, 16.62s/it]
  ckpt2 alpaca:  37%|███▋      | 56/150 [16:53<31:05, 19.85s/it]
  ckpt2 alpaca:  38%|███▊      | 57/150 [17:26<36:41, 23.67s/it]
  ckpt2 alpaca:  39%|███▊      | 58/150 [17:44<33:48, 22.04s/it]
  ckpt2 alpaca:  39%|███▉      | 59/150 [17:52<26:58, 17.78s/it]
  ckpt2 alpaca:  40%|████      | 60/150 [18:01<22:35, 15.06s/it]
  ckpt2 alpaca:  41%|████      | 61/150 [18:17<23:01, 15.53s/it]
  ckpt2 alpaca:  41%|████▏     | 62/150 [18:19<16:29, 11.25s/it]
  ckpt2 alpaca:  42%|████▏     | 63/150 [18:26<14:51, 10.25s/it]
  ckpt2 alpaca:  43%|████▎     | 64/150 [18:39<15:42, 10.96s/it]
  ckpt2 alpaca:  43%|████▎     | 65/150 [18:44<13:06,  9.25s/it]
  ckpt2 alpaca:  44%|████▍     | 66/150 [19:17<22:36, 16.14s/it]
  ckpt2 alpaca:  45%|████▍     | 67/150 [19:22<17:55, 12.96s/it]
  ckpt2 alpaca:  45%|████▌     | 68/150 [19:51<24:23, 17.84s/it]
  ckpt2 alpaca:  46%|████▌     | 69/150 [19:52<17:10, 12.72s/it]
  ckpt2 alpaca:  47%|████▋     | 70/150 [20:15<20:53, 15.67s/it]
  ckpt2 alpaca:  47%|████▋     | 71/150 [20:47<27:17, 20.72s/it]
  ckpt2 alpaca:  48%|████▊     | 72/150 [21:14<29:14, 22.50s/it]
  ckpt2 alpaca:  49%|████▊     | 73/150 [21:39<30:04, 23.43s/it]
  ckpt2 alpaca:  49%|████▉     | 74/150 [21:41<21:28, 16.95s/it]
  ckpt2 alpaca:  50%|█████     | 75/150 [22:12<26:30, 21.21s/it]
  ckpt2 alpaca:  51%|█████     | 76/150 [22:43<29:38, 24.04s/it]
  ckpt2 alpaca:  51%|█████▏    | 77/150 [23:16<32:20, 26.58s/it]
  ckpt2 alpaca:  52%|█████▏    | 78/150 [23:29<27:12, 22.67s/it]
  ckpt2 alpaca:  53%|█████▎    | 79/150 [24:01<30:15, 25.57s/it]
  ckpt2 alpaca:  53%|█████▎    | 80/150 [24:26<29:33, 25.34s/it]
  ckpt2 alpaca:  54%|█████▍    | 81/150 [24:28<20:50, 18.12s/it]
  ckpt2 alpaca:  55%|█████▍    | 82/150 [25:00<25:18, 22.33s/it]
  ckpt2 alpaca:  55%|█████▌    | 83/150 [25:32<28:14, 25.29s/it]
  ckpt2 alpaca:  56%|█████▌    | 84/150 [26:04<30:05, 27.36s/it]
  ckpt2 alpaca:  57%|█████▋    | 85/150 [26:36<31:15, 28.86s/it]
  ckpt2 alpaca:  57%|█████▋    | 86/150 [26:37<21:49, 20.45s/it]
  ckpt2 alpaca:  58%|█████▊    | 87/150 [26:40<15:46, 15.03s/it]
  ckpt2 alpaca:  59%|█████▊    | 88/150 [26:44<12:06, 11.72s/it]
  ckpt2 alpaca:  59%|█████▉    | 89/150 [27:02<13:52, 13.65s/it]
  ckpt2 alpaca:  60%|██████    | 90/150 [27:34<19:18, 19.31s/it]
  ckpt2 alpaca:  61%|██████    | 91/150 [28:07<22:49, 23.21s/it]
  ckpt2 alpaca:  61%|██████▏   | 92/150 [28:39<25:06, 25.97s/it]
  ckpt2 alpaca:  62%|██████▏   | 93/150 [29:11<26:27, 27.85s/it]
  ckpt2 alpaca:  63%|██████▎   | 94/150 [29:44<27:16, 29.22s/it]
  ckpt2 alpaca:  63%|██████▎   | 95/150 [30:15<27:23, 29.88s/it]
  ckpt2 alpaca:  64%|██████▍   | 96/150 [30:16<19:09, 21.28s/it]
  ckpt2 alpaca:  65%|██████▍   | 97/150 [30:19<13:55, 15.77s/it]
  ckpt2 alpaca:  65%|██████▌   | 98/150 [30:51<17:55, 20.68s/it]
  ckpt2 alpaca:  66%|██████▌   | 99/150 [30:55<13:17, 15.63s/it]
  ckpt2 alpaca:  67%|██████▋   | 100/150 [31:28<17:14, 20.69s/it]
  ckpt2 alpaca:  67%|██████▋   | 101/150 [31:40<14:50, 18.17s/it]
  ckpt2 alpaca:  68%|██████▊   | 102/150 [32:07<16:34, 20.71s/it]
  ckpt2 alpaca:  69%|██████▊   | 103/150 [32:39<18:56, 24.17s/it]
  ckpt2 alpaca:  69%|██████▉   | 104/150 [32:58<17:17, 22.56s/it]
  ckpt2 alpaca:  70%|███████   | 105/150 [33:30<19:07, 25.50s/it]
  ckpt2 alpaca:  71%|███████   | 106/150 [33:52<17:56, 24.47s/it]
  ckpt2 alpaca:  71%|███████▏  | 107/150 [34:24<19:11, 26.77s/it]
  ckpt2 alpaca:  72%|███████▏  | 108/150 [34:57<19:54, 28.44s/it]
  ckpt2 alpaca:  73%|███████▎  | 109/150 [35:29<20:10, 29.52s/it]
  ckpt2 alpaca:  73%|███████▎  | 110/150 [35:37<15:24, 23.11s/it]
  ckpt2 alpaca:  74%|███████▍  | 111/150 [36:09<16:50, 25.90s/it]
  ckpt2 alpaca:  75%|███████▍  | 112/150 [36:13<12:17, 19.42s/it]
  ckpt2 alpaca:  75%|███████▌  | 113/150 [36:14<08:32, 13.84s/it]
  ckpt2 alpaca:  76%|███████▌  | 114/150 [36:44<11:04, 18.46s/it]
  ckpt2 alpaca:  77%|███████▋  | 115/150 [37:12<12:30, 21.45s/it]
  ckpt2 alpaca:  77%|███████▋  | 116/150 [37:40<13:14, 23.36s/it]
  ckpt2 alpaca:  78%|███████▊  | 117/150 [38:05<13:04, 23.78s/it]
  ckpt2 alpaca:  79%|███████▊  | 118/150 [38:30<12:59, 24.37s/it]
  ckpt2 alpaca:  79%|███████▉  | 119/150 [38:46<11:16, 21.83s/it]
  ckpt2 alpaca:  80%|████████  | 120/150 [39:09<11:00, 22.01s/it]
  ckpt2 alpaca:  81%|████████  | 121/150 [39:41<12:07, 25.08s/it]
  ckpt2 alpaca:  81%|████████▏ | 122/150 [39:41<08:15, 17.69s/it]
  ckpt2 alpaca:  82%|████████▏ | 123/150 [40:14<09:55, 22.06s/it]
  ckpt2 alpaca:  83%|████████▎ | 124/150 [40:46<10:51, 25.07s/it]
  ckpt2 alpaca:  83%|████████▎ | 125/150 [40:59<09:01, 21.65s/it]
  ckpt2 alpaca:  84%|████████▍ | 126/150 [41:08<07:04, 17.68s/it]
  ckpt2 alpaca:  85%|████████▍ | 127/150 [41:40<08:27, 22.06s/it]
  ckpt2 alpaca:  85%|████████▌ | 128/150 [41:51<06:49, 18.62s/it]
  ckpt2 alpaca:  86%|████████▌ | 129/150 [42:23<07:57, 22.73s/it]
  ckpt2 alpaca:  87%|████████▋ | 130/150 [42:30<06:02, 18.15s/it]
  ckpt2 alpaca:  87%|████████▋ | 131/150 [42:38<04:41, 14.83s/it]
  ckpt2 alpaca:  88%|████████▊ | 132/150 [42:56<04:48, 16.01s/it]
  ckpt2 alpaca:  89%|████████▊ | 133/150 [43:28<05:54, 20.84s/it]
  ckpt2 alpaca:  89%|████████▉ | 134/150 [43:32<04:12, 15.81s/it]
  ckpt2 alpaca:  90%|█████████ | 135/150 [44:02<04:59, 19.97s/it]
  ckpt2 alpaca:  91%|█████████ | 136/150 [44:34<05:30, 23.61s/it]
  ckpt2 alpaca:  91%|█████████▏| 137/150 [44:51<04:41, 21.62s/it]
  ckpt2 alpaca:  92%|█████████▏| 138/150 [45:23<04:57, 24.76s/it]
  ckpt2 alpaca:  93%|█████████▎| 139/150 [45:55<04:56, 26.98s/it]
  ckpt2 alpaca:  93%|█████████▎| 140/150 [45:56<03:10, 19.08s/it]
  ckpt2 alpaca:  94%|█████████▍| 141/150 [46:28<03:27, 23.02s/it]
  ckpt2 alpaca:  95%|█████████▍| 142/150 [47:01<03:26, 25.83s/it]
  ckpt2 alpaca:  95%|█████████▌| 143/150 [47:03<02:12, 18.87s/it]
  ckpt2 alpaca:  96%|█████████▌| 144/150 [47:08<01:27, 14.59s/it]
  ckpt2 alpaca:  97%|█████████▋| 145/150 [47:40<01:39, 19.96s/it]
  ckpt2 alpaca:  97%|█████████▋| 146/150 [48:13<01:34, 23.67s/it]
  ckpt2 alpaca:  98%|█████████▊| 147/150 [48:21<00:56, 18.93s/it]
  ckpt2 alpaca:  99%|█████████▊| 148/150 [48:26<00:29, 14.79s/it]
  ckpt2 alpaca:  99%|█████████▉| 149/150 [48:58<00:19, 19.99s/it]
  ckpt2 alpaca: 100%|██████████| 150/150 [49:30<00:00, 23.70s/it]
  ckpt2 alpaca: 100%|██████████| 150/150 [49:30<00:00, 19.81s/it]

  ckpt2 json:   0%|          | 0/100 [00:00<?, ?it/s]
  ckpt2 json:   1%|          | 1/100 [00:32<53:21, 32.34s/it]
  ckpt2 json:   2%|▏         | 2/100 [00:38<27:20, 16.74s/it]
  ckpt2 json:   3%|▎         | 3/100 [00:55<27:23, 16.94s/it]
  ckpt2 json:   4%|▍         | 4/100 [01:27<36:51, 23.03s/it]
  ckpt2 json:   5%|▌         | 5/100 [02:00<41:47, 26.40s/it]
  ckpt2 json:   6%|▌         | 6/100 [02:10<32:52, 20.98s/it]
  ckpt2 json:   7%|▋         | 7/100 [02:42<38:17, 24.71s/it]
  ckpt2 json:   8%|▊         | 8/100 [03:15<41:39, 27.17s/it]
  ckpt2 json:   9%|▉         | 9/100 [03:47<43:42, 28.82s/it]
  ckpt2 json:  10%|█         | 10/100 [03:53<32:35, 21.73s/it]
  ckpt2 json:  11%|█         | 11/100 [04:26<37:04, 24.99s/it]
  ckpt2 json:  12%|█▏        | 12/100 [04:44<33:43, 22.99s/it]
  ckpt2 json:  13%|█▎        | 13/100 [05:16<37:28, 25.85s/it]
  ckpt2 json:  14%|█▍        | 14/100 [05:49<39:53, 27.83s/it]
  ckpt2 json:  15%|█▌        | 15/100 [06:12<37:21, 26.37s/it]
  ckpt2 json:  16%|█▌        | 16/100 [06:19<28:41, 20.49s/it]
  ckpt2 json:  17%|█▋        | 17/100 [06:26<22:49, 16.50s/it]
  ckpt2 json:  18%|█▊        | 18/100 [06:58<29:03, 21.26s/it]
  ckpt2 json:  19%|█▉        | 19/100 [07:31<33:13, 24.61s/it]
  ckpt2 json:  20%|██        | 20/100 [07:42<27:24, 20.56s/it]
  ckpt2 json:  21%|██        | 21/100 [08:14<31:43, 24.10s/it]
  ckpt2 json:  22%|██▏       | 22/100 [08:38<31:24, 24.16s/it]
  ckpt2 json:  23%|██▎       | 23/100 [09:11<34:10, 26.63s/it]
  ckpt2 json:  24%|██▍       | 24/100 [09:18<26:25, 20.86s/it]
  ckpt2 json:  25%|██▌       | 25/100 [09:50<30:21, 24.28s/it]
  ckpt2 json:  26%|██▌       | 26/100 [10:05<26:18, 21.34s/it]
  ckpt2 json:  27%|██▋       | 27/100 [10:37<29:59, 24.65s/it]
  ckpt2 json:  28%|██▊       | 28/100 [10:40<21:30, 17.92s/it]
  ckpt2 json:  29%|██▉       | 29/100 [11:12<26:20, 22.26s/it]
  ckpt2 json:  30%|███       | 30/100 [11:20<21:08, 18.12s/it]
  ckpt2 json:  31%|███       | 31/100 [11:37<20:24, 17.75s/it]
  ckpt2 json:  32%|███▏      | 32/100 [11:46<16:56, 14.94s/it]
  ckpt2 json:  33%|███▎      | 33/100 [12:14<21:02, 18.85s/it]
  ckpt2 json:  34%|███▍      | 34/100 [12:19<16:27, 14.96s/it]
  ckpt2 json:  35%|███▌      | 35/100 [12:43<19:03, 17.60s/it]
  ckpt2 json:  36%|███▌      | 36/100 [12:49<15:06, 14.16s/it]
  ckpt2 json:  37%|███▋      | 37/100 [13:00<13:48, 13.15s/it]
  ckpt2 json:  38%|███▊      | 38/100 [13:24<17:02, 16.50s/it]
  ckpt2 json:  39%|███▉      | 39/100 [13:57<21:33, 21.20s/it]
  ckpt2 json:  40%|████      | 40/100 [14:29<24:32, 24.54s/it]
  ckpt2 json:  41%|████      | 41/100 [14:45<21:32, 21.90s/it]
  ckpt2 json:  42%|████▏     | 42/100 [14:51<16:39, 17.23s/it]
  ckpt2 json:  43%|████▎     | 43/100 [15:23<20:40, 21.76s/it]
  ckpt2 json:  44%|████▍     | 44/100 [15:56<23:16, 24.94s/it]
  ckpt2 json:  45%|████▌     | 45/100 [16:02<17:39, 19.26s/it]
  ckpt2 json:  46%|████▌     | 46/100 [16:23<17:52, 19.86s/it]
  ckpt2 json:  47%|████▋     | 47/100 [16:32<14:46, 16.73s/it]
  ckpt2 json:  48%|████▊     | 48/100 [16:40<12:00, 13.86s/it]
  ckpt2 json:  49%|████▉     | 49/100 [16:51<11:11, 13.17s/it]
  ckpt2 json:  50%|█████     | 50/100 [17:19<14:38, 17.57s/it]
  ckpt2 json:  51%|█████     | 51/100 [17:23<10:55, 13.37s/it]
  ckpt2 json:  52%|█████▏    | 52/100 [17:28<08:52, 11.09s/it]
  ckpt2 json:  53%|█████▎    | 53/100 [18:01<13:41, 17.48s/it]
  ckpt2 json:  54%|█████▍    | 54/100 [18:33<16:49, 21.95s/it]
  ckpt2 json:  55%|█████▌    | 55/100 [18:39<12:49, 17.11s/it]
  ckpt2 json:  56%|█████▌    | 56/100 [19:13<16:20, 22.29s/it]
  ckpt2 json:  57%|█████▋    | 57/100 [19:47<18:26, 25.74s/it]
  ckpt2 json:  58%|█████▊    | 58/100 [20:02<15:46, 22.54s/it]
  ckpt2 json:  59%|█████▉    | 59/100 [20:05<11:22, 16.64s/it]
  ckpt2 json:  60%|██████    | 60/100 [20:37<14:14, 21.36s/it]
  ckpt2 json:  61%|██████    | 61/100 [21:00<14:02, 21.60s/it]
  ckpt2 json:  62%|██████▏   | 62/100 [21:12<12:01, 18.98s/it]
  ckpt2 json:  63%|██████▎   | 63/100 [21:27<10:56, 17.73s/it]
  ckpt2 json:  64%|██████▍   | 64/100 [21:54<12:12, 20.35s/it]
  ckpt2 json:  65%|██████▌   | 65/100 [22:22<13:14, 22.69s/it]
  ckpt2 json:  66%|██████▌   | 66/100 [22:54<14:30, 25.60s/it]
  ckpt2 json:  67%|██████▋   | 67/100 [23:00<10:52, 19.77s/it]
  ckpt2 json:  68%|██████▊   | 68/100 [23:33<12:34, 23.57s/it]
  ckpt2 json:  69%|██████▉   | 69/100 [24:05<13:32, 26.21s/it]
  ckpt2 json:  70%|███████   | 70/100 [24:38<14:01, 28.06s/it]
  ckpt2 json:  71%|███████   | 71/100 [25:10<14:11, 29.36s/it]
  ckpt2 json:  72%|███████▏  | 72/100 [25:29<12:11, 26.13s/it]
  ckpt2 json:  73%|███████▎  | 73/100 [26:01<12:36, 28.01s/it]
  ckpt2 json:  74%|███████▍  | 74/100 [26:33<12:42, 29.33s/it]
  ckpt2 json:  75%|███████▌  | 75/100 [27:06<12:36, 30.25s/it]
  ckpt2 json:  76%|███████▌  | 76/100 [27:30<11:21, 28.41s/it]
  ckpt2 json:  77%|███████▋  | 77/100 [28:02<11:21, 29.62s/it]
  ckpt2 json:  78%|███████▊  | 78/100 [28:35<11:09, 30.45s/it]
  ckpt2 json:  79%|███████▉  | 79/100 [29:07<10:51, 31.03s/it]
  ckpt2 json:  80%|████████  | 80/100 [29:39<10:28, 31.44s/it]
  ckpt2 json:  81%|████████  | 81/100 [29:47<07:38, 24.13s/it]
  ckpt2 json:  82%|████████▏ | 82/100 [30:19<07:59, 26.61s/it]
  ckpt2 json:  83%|████████▎ | 83/100 [30:41<07:07, 25.13s/it]
  ckpt2 json:  84%|████████▍ | 84/100 [31:10<07:02, 26.38s/it]
  ckpt2 json:  85%|████████▌ | 85/100 [31:29<06:01, 24.09s/it]
  ckpt2 json:  86%|████████▌ | 86/100 [32:01<06:12, 26.59s/it]
  ckpt2 json:  87%|████████▋ | 87/100 [32:34<06:08, 28.36s/it]
  ckpt2 json:  88%|████████▊ | 88/100 [32:43<04:31, 22.59s/it]
  ckpt2 json:  89%|████████▉ | 89/100 [33:07<04:14, 23.17s/it]
  ckpt2 json:  90%|█████████ | 90/100 [33:40<04:19, 25.93s/it]
  ckpt2 json:  91%|█████████ | 91/100 [34:12<04:10, 27.86s/it]
  ckpt2 json:  92%|█████████▏| 92/100 [34:44<03:53, 29.21s/it]
  ckpt2 json:  93%|█████████▎| 93/100 [35:17<03:31, 30.15s/it]
  ckpt2 json:  94%|█████████▍| 94/100 [35:30<02:29, 24.97s/it]
  ckpt2 json:  95%|█████████▌| 95/100 [35:39<01:41, 20.27s/it]
  ckpt2 json:  96%|█████████▌| 96/100 [36:11<01:35, 23.89s/it]
  ckpt2 json:  97%|█████████▋| 97/100 [36:17<00:54, 18.33s/it]
  ckpt2 json:  98%|█████████▊| 98/100 [36:25<00:30, 15.41s/it]
  ckpt2 json:  99%|█████████▉| 99/100 [36:31<00:12, 12.44s/it]
  ckpt2 json: 100%|██████████| 100/100 [37:03<00:00, 18.42s/it]
  ckpt2 json: 100%|██████████| 100/100 [37:03<00:00, 22.24s/it]
`torch_dtype` is deprecated! Use `dtype` instead!
`flash-attention` package not found, consider installing for better performance: No module named 'flash_attn'.
Current `flash-attention` does not support `window_size`. Either upgrade or use `attn_implementation='eager'`.

Loading checkpoint shards:   0%|          | 0/2 [00:00<?, ?it/s]
Loading checkpoint shards:  50%|█████     | 1/2 [00:01<00:01,  1.37s/it]
Loading checkpoint shards: 100%|██████████| 2/2 [00:02<00:00,  1.04it/s]
Loading checkpoint shards: 100%|██████████| 2/2 [00:02<00:00,  1.02s/it]
/root/miniconda3/envs/nlp-assignment3/lib/python3.10/site-packages/peft/tuners/lora/bnb.py:397: UserWarning: Merge lora module to 4-bit linear may get different generations due to rounding errors.
  warnings.warn(

  ckpt2 alpaca:   0%|          | 0/150 [00:00<?, ?it/s]The following generation flags are not valid and may be ignored: ['temperature']. Set `TRANSFORMERS_VERBOSITY=info` for more details.
You are not running the flash-attention implementation, expect numerical differences.

  ckpt2 alpaca:   1%|          | 1/150 [00:33<1:22:53, 33.38s/it]
  ckpt2 alpaca:   1%|▏         | 2/150 [00:49<57:05, 23.15s/it]  
  ckpt2 alpaca:   2%|▏         | 3/150 [01:21<1:07:07, 27.40s/it]
  ckpt2 alpaca:   3%|▎         | 4/150 [01:43<1:00:55, 25.04s/it]
  ckpt2 alpaca:   3%|▎         | 5/150 [01:47<42:01, 17.39s/it]  
  ckpt2 alpaca:   4%|▍         | 6/150 [02:19<54:00, 22.51s/it]
  ckpt2 alpaca:   5%|▍         | 7/150 [02:51<1:01:23, 25.76s/it]
  ckpt2 alpaca:   5%|▌         | 8/150 [02:54<43:25, 18.35s/it]  
  ckpt2 alpaca:   6%|▌         | 9/150 [03:22<50:08, 21.34s/it]
  ckpt2 alpaca:   7%|▋         | 10/150 [03:30<39:58, 17.14s/it]
  ckpt2 alpaca:   7%|▋         | 11/150 [03:40<34:54, 15.07s/it]
  ckpt2 alpaca:   8%|▊         | 12/150 [04:12<46:48, 20.35s/it]
  ckpt2 alpaca:   9%|▊         | 13/150 [04:45<54:50, 24.02s/it]
  ckpt2 alpaca:   9%|▉         | 14/150 [04:47<39:26, 17.40s/it]
  ckpt2 alpaca:  10%|█         | 15/150 [04:52<30:37, 13.61s/it]
  ckpt2 alpaca:  11%|█         | 16/150 [05:16<37:19, 16.71s/it]
  ckpt2 alpaca:  11%|█▏        | 17/150 [05:33<37:25, 16.88s/it]
  ckpt2 alpaca:  12%|█▏        | 18/150 [05:34<26:24, 12.00s/it]
  ckpt2 alpaca:  13%|█▎        | 19/150 [05:38<21:17,  9.75s/it]
  ckpt2 alpaca:  13%|█▎        | 20/150 [06:08<34:20, 15.85s/it]
  ckpt2 alpaca:  14%|█▍        | 21/150 [06:30<37:39, 17.51s/it]
  ckpt2 alpaca:  15%|█▍        | 22/150 [06:44<35:08, 16.48s/it]
  ckpt2 alpaca:  15%|█▌        | 23/150 [06:50<28:40, 13.55s/it]
  ckpt2 alpaca:  16%|█▌        | 24/150 [07:23<40:20, 19.21s/it]
  ckpt2 alpaca:  17%|█▋        | 25/150 [07:49<44:34, 21.40s/it]
  ckpt2 alpaca:  17%|█▋        | 26/150 [08:14<46:02, 22.28s/it]
  ckpt2 alpaca:  18%|█▊        | 27/150 [08:46<51:54, 25.32s/it]
  ckpt2 alpaca:  19%|█▊        | 28/150 [09:16<54:19, 26.72s/it]
  ckpt2 alpaca:  19%|█▉        | 29/150 [09:20<40:22, 20.02s/it]
  ckpt2 alpaca:  20%|██        | 30/150 [09:24<30:20, 15.17s/it]
  ckpt2 alpaca:  21%|██        | 31/150 [09:43<32:08, 16.20s/it]
  ckpt2 alpaca:  21%|██▏       | 32/150 [10:15<41:26, 21.08s/it]
  ckpt2 alpaca:  22%|██▏       | 33/150 [10:17<29:48, 15.29s/it]
  ckpt2 alpaca:  23%|██▎       | 34/150 [10:18<21:02, 10.88s/it]
  ckpt2 alpaca:  23%|██▎       | 35/150 [10:50<33:09, 17.30s/it]
  ckpt2 alpaca:  24%|██▍       | 36/150 [11:19<39:33, 20.82s/it]
  ckpt2 alpaca:  25%|██▍       | 37/150 [11:51<45:29, 24.16s/it]
  ckpt2 alpaca:  25%|██▌       | 38/150 [11:52<32:10, 17.23s/it]
  ckpt2 alpaca:  26%|██▌       | 39/150 [12:24<40:03, 21.65s/it]
  ckpt2 alpaca:  27%|██▋       | 40/150 [12:36<34:10, 18.64s/it]
  ckpt2 alpaca:  27%|██▋       | 41/150 [12:42<27:24, 15.09s/it]
  ckpt2 alpaca:  28%|██▊       | 42/150 [12:43<19:23, 10.77s/it]
  ckpt2 alpaca:  29%|██▊       | 43/150 [12:56<20:35, 11.55s/it]
  ckpt2 alpaca:  29%|██▉       | 44/150 [13:28<31:13, 17.68s/it]
  ckpt2 alpaca:  30%|███       | 45/150 [13:31<23:00, 13.15s/it]
  ckpt2 alpaca:  31%|███       | 46/150 [13:53<27:18, 15.76s/it]
  ckpt2 alpaca:  31%|███▏      | 47/150 [14:17<31:18, 18.24s/it]
  ckpt2 alpaca:  32%|███▏      | 48/150 [14:49<38:03, 22.38s/it]
  ckpt2 alpaca:  33%|███▎      | 49/150 [15:11<37:41, 22.39s/it]
  ckpt2 alpaca:  33%|███▎      | 50/150 [15:43<42:07, 25.27s/it]
  ckpt2 alpaca:  34%|███▍      | 51/150 [15:52<33:28, 20.29s/it]
  ckpt2 alpaca:  35%|███▍      | 52/150 [15:55<24:42, 15.13s/it]
  ckpt2 alpaca:  35%|███▌      | 53/150 [16:04<21:32, 13.32s/it]
  ckpt2 alpaca:  36%|███▌      | 54/150 [16:06<15:48,  9.88s/it]
  ckpt2 alpaca:  37%|███▋      | 55/150 [16:38<26:08, 16.51s/it]
  ckpt2 alpaca:  37%|███▋      | 56/150 [16:51<24:13, 15.47s/it]
  ckpt2 alpaca:  38%|███▊      | 57/150 [17:23<31:39, 20.42s/it]
  ckpt2 alpaca:  39%|███▊      | 58/150 [17:42<30:46, 20.07s/it]
  ckpt2 alpaca:  39%|███▉      | 59/150 [17:51<25:11, 16.61s/it]
  ckpt2 alpaca:  40%|████      | 60/150 [17:59<20:56, 13.96s/it]
  ckpt2 alpaca:  41%|████      | 61/150 [18:22<25:01, 16.87s/it]
  ckpt2 alpaca:  41%|████▏     | 62/150 [18:24<17:52, 12.19s/it]
  ckpt2 alpaca:  42%|████▏     | 63/150 [18:29<14:54, 10.28s/it]
  ckpt2 alpaca:  43%|████▎     | 64/150 [18:44<16:39, 11.62s/it]
  ckpt2 alpaca:  43%|████▎     | 65/150 [18:49<13:24,  9.47s/it]
  ckpt2 alpaca:  44%|████▍     | 66/150 [19:21<22:43, 16.23s/it]
  ckpt2 alpaca:  45%|████▍     | 67/150 [19:26<18:00, 13.01s/it]
  ckpt2 alpaca:  45%|████▌     | 68/150 [19:47<20:50, 15.25s/it]
  ckpt2 alpaca:  46%|████▌     | 69/150 [19:47<14:43, 10.90s/it]
  ckpt2 alpaca:  47%|████▋     | 70/150 [20:11<19:31, 14.65s/it]
  ckpt2 alpaca:  47%|████▋     | 71/150 [20:44<26:33, 20.17s/it]
  ckpt2 alpaca:  48%|████▊     | 72/150 [20:54<22:13, 17.10s/it]
  ckpt2 alpaca:  49%|████▊     | 73/150 [21:21<25:56, 20.22s/it]
  ckpt2 alpaca:  49%|████▉     | 74/150 [21:23<18:39, 14.73s/it]
  ckpt2 alpaca:  50%|█████     | 75/150 [21:53<24:13, 19.38s/it]
  ckpt2 alpaca:  51%|█████     | 76/150 [22:22<27:25, 22.24s/it]
  ckpt2 alpaca:  51%|█████▏    | 77/150 [22:54<30:23, 24.97s/it]
  ckpt2 alpaca:  52%|█████▏    | 78/150 [23:07<25:51, 21.55s/it]
  ckpt2 alpaca:  53%|█████▎    | 79/150 [23:39<29:13, 24.69s/it]
  ckpt2 alpaca:  53%|█████▎    | 80/150 [24:11<31:22, 26.89s/it]
  ckpt2 alpaca:  54%|█████▍    | 81/150 [24:12<22:04, 19.20s/it]
  ckpt2 alpaca:  55%|█████▍    | 82/150 [24:44<26:07, 23.05s/it]
  ckpt2 alpaca:  55%|█████▌    | 83/150 [25:16<28:43, 25.73s/it]
  ckpt2 alpaca:  56%|█████▌    | 84/150 [25:49<30:23, 27.63s/it]
  ckpt2 alpaca:  57%|█████▋    | 85/150 [26:15<29:42, 27.43s/it]
  ckpt2 alpaca:  57%|█████▋    | 86/150 [26:16<20:44, 19.45s/it]
  ckpt2 alpaca:  58%|█████▊    | 87/150 [26:19<15:01, 14.31s/it]
  ckpt2 alpaca:  59%|█████▊    | 88/150 [26:23<11:34, 11.21s/it]
  ckpt2 alpaca:  59%|█████▉    | 89/150 [26:41<13:27, 13.23s/it]
  ckpt2 alpaca:  60%|██████    | 90/150 [27:13<18:51, 18.87s/it]
  ckpt2 alpaca:  61%|██████    | 91/150 [27:45<22:25, 22.81s/it]
  ckpt2 alpaca:  61%|██████▏   | 92/150 [28:10<22:43, 23.50s/it]
  ckpt2 alpaca:  62%|██████▏   | 93/150 [28:42<24:44, 26.05s/it]
  ckpt2 alpaca:  63%|██████▎   | 94/150 [29:14<25:59, 27.84s/it]
  ckpt2 alpaca:  63%|██████▎   | 95/150 [29:46<26:40, 29.10s/it]
  ckpt2 alpaca:  64%|██████▍   | 96/150 [29:47<18:39, 20.73s/it]
  ckpt2 alpaca:  65%|██████▍   | 97/150 [29:50<13:35, 15.38s/it]
  ckpt2 alpaca:  65%|██████▌   | 98/150 [30:22<17:39, 20.38s/it]
  ckpt2 alpaca:  66%|██████▌   | 99/150 [30:22<12:16, 14.44s/it]
  ckpt2 alpaca:  67%|██████▋   | 100/150 [30:54<16:25, 19.71s/it]
  ckpt2 alpaca:  67%|██████▋   | 101/150 [31:07<14:15, 17.46s/it]
  ckpt2 alpaca:  68%|██████▊   | 102/150 [31:21<13:12, 16.50s/it]
  ckpt2 alpaca:  69%|██████▊   | 103/150 [31:53<16:34, 21.16s/it]
  ckpt2 alpaca:  69%|██████▉   | 104/150 [32:09<15:06, 19.71s/it]
  ckpt2 alpaca:  70%|███████   | 105/150 [32:42<17:37, 23.50s/it]
  ckpt2 alpaca:  71%|███████   | 106/150 [33:14<19:17, 26.30s/it]
  ckpt2 alpaca:  71%|███████▏  | 107/150 [33:39<18:33, 25.89s/it]
  ckpt2 alpaca:  72%|███████▏  | 108/150 [34:12<19:26, 27.77s/it]
  ckpt2 alpaca:  73%|███████▎  | 109/150 [34:27<16:27, 24.09s/it]
  ckpt2 alpaca:  73%|███████▎  | 110/150 [34:37<13:14, 19.87s/it]
  ckpt2 alpaca:  74%|███████▍  | 111/150 [35:09<15:20, 23.60s/it]
  ckpt2 alpaca:  75%|███████▍  | 112/150 [35:12<10:59, 17.35s/it]
  ckpt2 alpaca:  75%|███████▌  | 113/150 [35:13<07:38, 12.40s/it]
  ckpt2 alpaca:  76%|███████▌  | 114/150 [35:45<10:58, 18.29s/it]
  ckpt2 alpaca:  77%|███████▋  | 115/150 [36:15<12:40, 21.73s/it]
  ckpt2 alpaca:  77%|███████▋  | 116/150 [36:46<13:57, 24.62s/it]
  ckpt2 alpaca:  78%|███████▊  | 117/150 [37:08<13:06, 23.82s/it]
  ckpt2 alpaca:  79%|███████▊  | 118/150 [37:30<12:20, 23.13s/it]
  ckpt2 alpaca:  79%|███████▉  | 119/150 [37:45<10:46, 20.86s/it]
  ckpt2 alpaca:  80%|████████  | 120/150 [37:59<09:19, 18.65s/it]
  ckpt2 alpaca:  81%|████████  | 121/150 [38:31<10:57, 22.66s/it]
  ckpt2 alpaca:  81%|████████▏ | 122/150 [38:31<07:27, 16.00s/it]
  ckpt2 alpaca:  82%|████████▏ | 123/150 [39:02<09:14, 20.53s/it]
  ckpt2 alpaca:  83%|████████▎ | 124/150 [39:34<10:23, 23.99s/it]
  ckpt2 alpaca:  83%|████████▎ | 125/150 [39:48<08:39, 20.77s/it]
  ckpt2 alpaca:  84%|████████▍ | 126/150 [39:58<07:07, 17.81s/it]
  ckpt2 alpaca:  85%|████████▍ | 127/150 [40:31<08:27, 22.07s/it]
  ckpt2 alpaca:  85%|████████▌ | 128/150 [40:39<06:35, 17.96s/it]
  ckpt2 alpaca:  86%|████████▌ | 129/150 [41:11<07:45, 22.18s/it]
  ckpt2 alpaca:  87%|████████▋ | 130/150 [41:21<06:09, 18.47s/it]
  ckpt2 alpaca:  87%|████████▋ | 131/150 [41:30<04:56, 15.62s/it]
  ckpt2 alpaca:  88%|████████▊ | 132/150 [41:47<04:52, 16.25s/it]
  ckpt2 alpaca:  89%|████████▊ | 133/150 [42:20<05:57, 21.00s/it]
  ckpt2 alpaca:  89%|████████▉ | 134/150 [42:24<04:14, 15.93s/it]
  ckpt2 alpaca:  90%|█████████ | 135/150 [42:46<04:28, 17.91s/it]
  ckpt2 alpaca:  91%|█████████ | 136/150 [43:18<05:09, 22.13s/it]
  ckpt2 alpaca:  91%|█████████▏| 137/150 [43:42<04:53, 22.55s/it]
  ckpt2 alpaca:  92%|█████████▏| 138/150 [44:14<05:04, 25.38s/it]
  ckpt2 alpaca:  93%|█████████▎| 139/150 [44:46<05:01, 27.38s/it]
  ckpt2 alpaca:  93%|█████████▎| 140/150 [44:46<03:13, 19.36s/it]
  ckpt2 alpaca:  94%|█████████▍| 141/150 [45:18<03:28, 23.15s/it]
  ckpt2 alpaca:  95%|█████████▍| 142/150 [45:50<03:26, 25.82s/it]
  ckpt2 alpaca:  95%|█████████▌| 143/150 [45:53<02:12, 18.86s/it]
  ckpt2 alpaca:  96%|█████████▌| 144/150 [45:59<01:30, 15.05s/it]
  ckpt2 alpaca:  97%|█████████▋| 145/150 [46:19<01:22, 16.48s/it]
  ckpt2 alpaca:  97%|█████████▋| 146/150 [46:51<01:24, 21.14s/it]
  ckpt2 alpaca:  98%|█████████▊| 147/150 [47:23<01:13, 24.42s/it]
  ckpt2 alpaca:  99%|█████████▊| 148/150 [47:28<00:37, 18.65s/it]
  ckpt2 alpaca:  99%|█████████▉| 149/150 [48:00<00:22, 22.66s/it]
  ckpt2 alpaca: 100%|██████████| 150/150 [48:32<00:00, 25.46s/it]
  ckpt2 alpaca: 100%|██████████| 150/150 [48:32<00:00, 19.42s/it]

  ckpt2 json:   0%|          | 0/100 [00:00<?, ?it/s]
  ckpt2 json:   1%|          | 1/100 [00:32<52:55, 32.07s/it]
  ckpt2 json:   2%|▏         | 2/100 [00:37<26:45, 16.38s/it]
  ckpt2 json:   3%|▎         | 3/100 [00:54<26:55, 16.66s/it]
  ckpt2 json:   4%|▍         | 4/100 [01:26<36:25, 22.77s/it]
  ckpt2 json:   5%|▌         | 5/100 [01:42<32:04, 20.26s/it]
  ckpt2 json:   6%|▌         | 6/100 [01:56<28:35, 18.25s/it]
  ckpt2 json:   7%|▋         | 7/100 [02:28<35:19, 22.78s/it]
  ckpt2 json:   8%|▊         | 8/100 [03:00<39:29, 25.75s/it]
  ckpt2 json:   9%|▉         | 9/100 [03:04<28:43, 18.94s/it]
  ckpt2 json:  10%|█         | 10/100 [03:10<22:19, 14.88s/it]
  ckpt2 json:  11%|█         | 11/100 [03:42<29:54, 20.17s/it]
  ckpt2 json:  12%|█▏        | 12/100 [04:15<35:00, 23.87s/it]
  ckpt2 json:  13%|█▎        | 13/100 [04:47<38:21, 26.46s/it]
  ckpt2 json:  14%|█▍        | 14/100 [05:20<40:29, 28.25s/it]
  ckpt2 json:  15%|█▌        | 15/100 [05:41<37:20, 26.35s/it]
  ckpt2 json:  16%|█▌        | 16/100 [05:49<28:44, 20.54s/it]
  ckpt2 json:  17%|█▋        | 17/100 [05:56<22:52, 16.54s/it]
  ckpt2 json:  18%|█▊        | 18/100 [06:28<29:06, 21.30s/it]
  ckpt2 json:  19%|█▉        | 19/100 [07:01<33:15, 24.63s/it]
  ckpt2 json:  20%|██        | 20/100 [07:26<33:07, 24.84s/it]
  ckpt2 json:  21%|██        | 21/100 [07:58<35:42, 27.12s/it]
  ckpt2 json:  22%|██▏       | 22/100 [08:31<37:18, 28.70s/it]
  ckpt2 json:  23%|██▎       | 23/100 [09:03<38:15, 29.82s/it]
  ckpt2 json:  24%|██▍       | 24/100 [09:19<32:31, 25.68s/it]
  ckpt2 json:  25%|██▌       | 25/100 [09:52<34:37, 27.71s/it]
  ckpt2 json:  26%|██▌       | 26/100 [10:07<29:29, 23.91s/it]
  ckpt2 json:  27%|██▋       | 27/100 [10:39<32:11, 26.46s/it]
  ckpt2 json:  28%|██▊       | 28/100 [10:41<23:01, 19.19s/it]
  ckpt2 json:  29%|██▉       | 29/100 [11:14<27:24, 23.16s/it]
  ckpt2 json:  30%|███       | 30/100 [11:21<21:23, 18.34s/it]
  ckpt2 json:  31%|███       | 31/100 [11:29<17:31, 15.23s/it]
  ckpt2 json:  32%|███▏      | 32/100 [11:37<14:55, 13.17s/it]
  ckpt2 json:  33%|███▎      | 33/100 [12:04<19:21, 17.34s/it]
  ckpt2 json:  34%|███▍      | 34/100 [12:11<15:44, 14.30s/it]
  ckpt2 json:  35%|███▌      | 35/100 [12:44<21:22, 19.72s/it]
  ckpt2 json:  36%|███▌      | 36/100 [12:50<16:40, 15.63s/it]
  ckpt2 json:  37%|███▋      | 37/100 [13:01<14:54, 14.19s/it]
  ckpt2 json:  38%|███▊      | 38/100 [13:30<19:16, 18.66s/it]
  ckpt2 json:  39%|███▉      | 39/100 [14:02<23:10, 22.79s/it]
  ckpt2 json:  40%|████      | 40/100 [14:35<25:40, 25.67s/it]
  ckpt2 json:  41%|████      | 41/100 [14:55<23:49, 24.23s/it]
  ckpt2 json:  42%|████▏     | 42/100 [15:02<18:14, 18.87s/it]
  ckpt2 json:  43%|████▎     | 43/100 [15:35<21:58, 23.14s/it]
  ckpt2 json:  44%|████▍     | 44/100 [16:07<24:11, 25.93s/it]
  ckpt2 json:  45%|████▌     | 45/100 [16:12<17:58, 19.61s/it]
  ckpt2 json:  46%|████▌     | 46/100 [16:35<18:28, 20.53s/it]
  ckpt2 json:  47%|████▋     | 47/100 [16:44<15:11, 17.20s/it]
  ckpt2 json:  48%|████▊     | 48/100 [16:51<12:15, 14.15s/it]
  ckpt2 json:  49%|████▉     | 49/100 [17:24<16:40, 19.62s/it]
  ckpt2 json:  50%|█████     | 50/100 [17:52<18:25, 22.11s/it]
  ckpt2 json:  51%|█████     | 51/100 [17:55<13:30, 16.54s/it]
  ckpt2 json:  52%|█████▏    | 52/100 [18:01<10:38, 13.29s/it]
  ckpt2 json:  53%|█████▎    | 53/100 [18:33<14:54, 19.02s/it]
  ckpt2 json:  54%|█████▍    | 54/100 [19:06<17:39, 23.03s/it]
  ckpt2 json:  55%|█████▌    | 55/100 [19:13<13:39, 18.21s/it]
  ckpt2 json:  56%|█████▌    | 56/100 [19:45<16:27, 22.44s/it]
  ckpt2 json:  57%|█████▋    | 57/100 [20:17<18:13, 25.42s/it]
  ckpt2 json:  58%|█████▊    | 58/100 [20:35<16:09, 23.09s/it]
  ckpt2 json:  59%|█████▉    | 59/100 [20:38<11:37, 17.02s/it]
  ckpt2 json:  60%|██████    | 60/100 [20:45<09:27, 14.20s/it]
  ckpt2 json:  61%|██████    | 61/100 [21:08<10:49, 16.66s/it]
  ckpt2 json:  62%|██████▏   | 62/100 [21:34<12:15, 19.35s/it]
  ckpt2 json:  63%|██████▎   | 63/100 [21:49<11:10, 18.13s/it]
  ckpt2 json:  64%|██████▍   | 64/100 [22:15<12:24, 20.69s/it]
  ckpt2 json:  65%|██████▌   | 65/100 [22:23<09:50, 16.88s/it]
  ckpt2 json:  66%|██████▌   | 66/100 [22:56<12:12, 21.53s/it]
  ckpt2 json:  67%|██████▋   | 67/100 [23:02<09:15, 16.84s/it]
  ckpt2 json:  68%|██████▊   | 68/100 [23:34<11:25, 21.43s/it]
  ckpt2 json:  69%|██████▉   | 69/100 [24:06<12:43, 24.63s/it]
  ckpt2 json:  70%|███████   | 70/100 [24:38<13:26, 26.87s/it]
  ckpt2 json:  71%|███████   | 71/100 [25:10<13:44, 28.44s/it]
  ckpt2 json:  72%|███████▏  | 72/100 [25:42<13:47, 29.54s/it]
  ckpt2 json:  73%|███████▎  | 73/100 [26:00<11:40, 25.96s/it]
  ckpt2 json:  74%|███████▍  | 74/100 [26:32<12:03, 27.81s/it]
  ckpt2 json:  75%|███████▌  | 75/100 [27:04<12:07, 29.11s/it]
  ckpt2 json:  76%|███████▌  | 76/100 [27:36<12:00, 30.02s/it]
  ckpt2 json:  77%|███████▋  | 77/100 [28:09<11:45, 30.68s/it]
  ckpt2 json:  78%|███████▊  | 78/100 [28:41<11:24, 31.12s/it]
  ckpt2 json:  79%|███████▉  | 79/100 [29:13<11:00, 31.43s/it]
  ckpt2 json:  80%|████████  | 80/100 [29:45<10:33, 31.66s/it]
  ckpt2 json:  81%|████████  | 81/100 [29:52<07:41, 24.27s/it]
  ckpt2 json:  82%|████████▏ | 82/100 [30:24<07:59, 26.62s/it]
  ckpt2 json:  83%|████████▎ | 83/100 [30:47<07:11, 25.38s/it]
  ckpt2 json:  84%|████████▍ | 84/100 [31:19<07:18, 27.41s/it]
  ckpt2 json:  85%|████████▌ | 85/100 [31:37<06:11, 24.76s/it]
  ckpt2 json:  86%|████████▌ | 86/100 [32:09<06:17, 26.97s/it]
  ckpt2 json:  87%|████████▋ | 87/100 [32:42<06:10, 28.51s/it]
  ckpt2 json:  88%|████████▊ | 88/100 [33:14<05:55, 29.61s/it]
  ckpt2 json:  89%|████████▉ | 89/100 [33:46<05:34, 30.40s/it]
  ckpt2 json:  90%|█████████ | 90/100 [34:18<05:09, 30.96s/it]
  ckpt2 json:  91%|█████████ | 91/100 [34:50<04:41, 31.31s/it]
  ckpt2 json:  92%|█████████▏| 92/100 [35:23<04:12, 31.57s/it]
  ckpt2 json:  93%|█████████▎| 93/100 [35:55<03:42, 31.74s/it]
  ckpt2 json:  94%|█████████▍| 94/100 [36:08<02:36, 26.07s/it]
  ckpt2 json:  95%|█████████▌| 95/100 [36:17<01:45, 21.02s/it]
  ckpt2 json:  96%|█████████▌| 96/100 [36:49<01:37, 24.36s/it]
  ckpt2 json:  97%|█████████▋| 97/100 [36:54<00:55, 18.64s/it]
  ckpt2 json:  98%|█████████▊| 98/100 [37:03<00:31, 15.61s/it]
  ckpt2 json:  99%|█████████▉| 99/100 [37:09<00:12, 12.70s/it]
  ckpt2 json: 100%|██████████| 100/100 [37:41<00:00, 18.56s/it]
  ckpt2 json: 100%|██████████| 100/100 [37:41<00:00, 22.61s/it]

=== Ablation: Stage 2 LR=1e-5 ===
[2026-04-06 03:46:34] INFO stage2_train_ablr1e5: ============================================================
[2026-04-06 03:46:34] INFO stage2_train_ablr1e5: Stage 2 — QLoRA fine-tuning on teacher-generated JSON data
[2026-04-06 03:46:34] INFO stage2_train_ablr1e5: ============================================================
[2026-04-06 03:46:34] INFO stage2_train_ablr1e5: GPU 0: NVIDIA A100-SXM4-80GB, 81920 MiB, 81050 MiB, 535.230.02
[2026-04-06 03:46:34] INFO stage2_train_ablr1e5: GPU 1: NVIDIA A100-SXM4-80GB, 81920 MiB, 81050 MiB, 535.230.02
[2026-04-06 03:46:34] INFO stage2_train_ablr1e5: Loading tokenizer: microsoft/Phi-3.5-mini-instruct
[2026-04-06 03:46:34] INFO stage2_train_ablr1e5: Loading dataset: data/json_train.jsonl
[2026-04-06 03:46:35] INFO stage2_train_ablr1e5: Training examples: 981
[2026-04-06 03:46:35] INFO stage2_train_ablr1e5: Loading base model: microsoft/Phi-3.5-mini-instruct
[2026-04-06 03:46:41] INFO stage2_train_ablr1e5: Loading Stage 1 adapter from: checkpoints/stage1
[2026-04-06 03:46:48] INFO stage2_train_ablr1e5: Stage 1 adapter merged into base model.
trainable params: 25,165,824 || all params: 3,846,245,376 || trainable%: 0.6543
[2026-04-06 03:46:50] INFO stage2_train_ablr1e5: Starting training ...
[2026-04-06 03:46:50] INFO stage2_train_ablr1e5:   Epochs:            2
[2026-04-06 03:46:50] INFO stage2_train_ablr1e5:   Batch size:        4
[2026-04-06 03:46:50] INFO stage2_train_ablr1e5:   Grad accum steps:  4
[2026-04-06 03:46:50] INFO stage2_train_ablr1e5:   Effective batch:   16
[2026-04-06 03:46:50] INFO stage2_train_ablr1e5:   Learning rate:     1e-05
[2026-04-06 03:46:50] INFO stage2_train_ablr1e5:   Max seq length:    1024
[2026-04-06 03:47:37] INFO stage2_train_ablr1e5: step=25  loss=1.1496
{'loss': 1.1496, 'grad_norm': 0.62890625, 'learning_rate': 9.330127018922195e-06, 'entropy': 0.8487308216094971, 'num_tokens': 76269.0, 'mean_token_accuracy': 0.7456302833557129, 'epoch': 0.41}
[2026-04-06 03:48:23] INFO stage2_train_ablr1e5: step=50  loss=0.9967
{'loss': 0.9967, 'grad_norm': 0.578125, 'learning_rate': 6.913417161825449e-06, 'entropy': 0.8821134132146835, 'num_tokens': 151683.0, 'mean_token_accuracy': 0.760752083659172, 'epoch': 0.81}
[2026-04-06 03:49:08] INFO stage2_train_ablr1e5: step=75  loss=0.9723
{'loss': 0.9723, 'grad_norm': 0.404296875, 'learning_rate': 3.705904774487396e-06, 'entropy': 0.9006181255895265, 'num_tokens': 225353.0, 'mean_token_accuracy': 0.758967575370049, 'epoch': 1.21}
[2026-04-06 03:49:53] INFO stage2_train_ablr1e5: step=100  loss=0.9261
{'loss': 0.9261, 'grad_norm': 0.408203125, 'learning_rate': 1.0332332985438248e-06, 'entropy': 0.8771553897857666, 'num_tokens': 301044.0, 'mean_token_accuracy': 0.7713814359903336, 'epoch': 1.62}
{'train_runtime': 225.0608, 'train_samples_per_second': 8.718, 'train_steps_per_second': 0.551, 'train_loss': 0.999261317714568, 'entropy': 0.9000187484507866, 'num_tokens': 371554.0, 'mean_token_accuracy': 0.7635063326105158, 'epoch': 2.0}
[2026-04-06 03:50:36] INFO stage2_train_ablr1e5: Saving adapter to checkpoints/stage2_ablr1e5 ...
[2026-04-06 03:50:36] INFO stage2_train_ablr1e5: Stage 2 training complete.
=== Ablation: Stage 2 data_fraction=0.5 ===
[2026-04-06 03:50:44] INFO stage2_train_abfrac50: ============================================================
[2026-04-06 03:50:44] INFO stage2_train_abfrac50: Stage 2 — QLoRA fine-tuning on teacher-generated JSON data
[2026-04-06 03:50:44] INFO stage2_train_abfrac50: ============================================================
[2026-04-06 03:50:44] INFO stage2_train_abfrac50: GPU 0: NVIDIA A100-SXM4-80GB, 81920 MiB, 81050 MiB, 535.230.02
[2026-04-06 03:50:44] INFO stage2_train_abfrac50: GPU 1: NVIDIA A100-SXM4-80GB, 81920 MiB, 81050 MiB, 535.230.02
[2026-04-06 03:50:44] INFO stage2_train_abfrac50: Loading tokenizer: microsoft/Phi-3.5-mini-instruct
[2026-04-06 03:50:45] INFO stage2_train_abfrac50: Loading dataset: data/json_train.jsonl
[2026-04-06 03:50:45] INFO stage2_train_abfrac50: Data fraction 0.5: using 490/490 examples
[2026-04-06 03:50:45] INFO stage2_train_abfrac50: Training examples: 490
[2026-04-06 03:50:45] INFO stage2_train_abfrac50: Loading base model: microsoft/Phi-3.5-mini-instruct
[2026-04-06 03:50:51] INFO stage2_train_abfrac50: Loading Stage 1 adapter from: checkpoints/stage1
[2026-04-06 03:51:03] INFO stage2_train_abfrac50: Stage 1 adapter merged into base model.
trainable params: 25,165,824 || all params: 3,846,245,376 || trainable%: 0.6543
[2026-04-06 03:51:05] INFO stage2_train_abfrac50: Starting training ...
[2026-04-06 03:51:05] INFO stage2_train_abfrac50:   Epochs:            2
[2026-04-06 03:51:05] INFO stage2_train_abfrac50:   Batch size:        4
[2026-04-06 03:51:05] INFO stage2_train_abfrac50:   Grad accum steps:  4
[2026-04-06 03:51:05] INFO stage2_train_abfrac50:   Effective batch:   16
[2026-04-06 03:51:05] INFO stage2_train_abfrac50:   Learning rate:     2e-05
[2026-04-06 03:51:05] INFO stage2_train_abfrac50:   Max seq length:    1024
[2026-04-06 03:51:52] INFO stage2_train_abfrac50: step=25  loss=1.0811
{'loss': 1.0811, 'grad_norm': 0.48828125, 'learning_rate': 1.4067366430758004e-05, 'entropy': 0.8700284844636917, 'num_tokens': 75961.0, 'mean_token_accuracy': 0.7504102635383606, 'epoch': 0.81}
[2026-04-06 03:52:37] INFO stage2_train_abfrac50: step=50  loss=0.9304
{'loss': 0.9304, 'grad_norm': 0.345703125, 'learning_rate': 2.2285403854302912e-06, 'entropy': 0.8849790523750614, 'num_tokens': 149888.0, 'mean_token_accuracy': 0.7678367284813312, 'epoch': 1.62}
{'train_runtime': 114.1297, 'train_samples_per_second': 8.587, 'train_steps_per_second': 0.543, 'train_loss': 0.9867384203018681, 'entropy': 0.8943648553909139, 'num_tokens': 185842.0, 'mean_token_accuracy': 0.7723374696488076, 'epoch': 2.0}
[2026-04-06 03:52:59] INFO stage2_train_abfrac50: Saving adapter to checkpoints/stage2_abfrac50 ...
[2026-04-06 03:52:59] INFO stage2_train_abfrac50: Stage 2 training complete.
=== Ablation inference: LR=1e-5 variant ===
[2026-04-06 03:53:07] INFO generate_responses: GPU 0: NVIDIA A100-SXM4-80GB, 81920 MiB, 81050 MiB, 535.230.02
[2026-04-06 03:53:07] INFO generate_responses: GPU 1: NVIDIA A100-SXM4-80GB, 81920 MiB, 81050 MiB, 535.230.02
[2026-04-06 03:53:07] INFO generate_responses: Loading model at checkpoint 2 ...
[2026-04-06 03:53:23] INFO generate_responses: Checkpoint 2 — Alpaca eval
[2026-04-06 04:42:54] INFO generate_responses:   Saved 150 responses → logs/responses_ckpt2_alpaca_ablr1e5.jsonl
[2026-04-06 04:42:54] INFO generate_responses: Checkpoint 2 — JSON eval
[2026-04-06 05:19:58] INFO generate_responses:   Saved 100 responses → logs/responses_ckpt2_json_ablr1e5.jsonl
[2026-04-06 05:19:58] INFO generate_responses: All inference complete.
=== Ablation inference: data_fraction=0.5 variant ===
[2026-04-06 05:20:05] INFO generate_responses: GPU 0: NVIDIA A100-SXM4-80GB, 81920 MiB, 81050 MiB, 535.230.02
[2026-04-06 05:20:05] INFO generate_responses: GPU 1: NVIDIA A100-SXM4-80GB, 81920 MiB, 81050 MiB, 535.230.02
[2026-04-06 05:20:05] INFO generate_responses: Loading model at checkpoint 2 ...
[2026-04-06 05:20:19] INFO generate_responses: Checkpoint 2 — Alpaca eval
[2026-04-06 06:08:52] INFO generate_responses:   Saved 150 responses → logs/responses_ckpt2_alpaca_abfrac50.jsonl
[2026-04-06 06:08:52] INFO generate_responses: Checkpoint 2 — JSON eval
[2026-04-06 06:46:33] INFO generate_responses:   Saved 100 responses → logs/responses_ckpt2_json_abfrac50.jsonl
[2026-04-06 06:46:33] INFO generate_responses: All inference complete.
=== Ablation complete. Run aggregate_results.py to summarize. ===

