[2026-04-05 04:19:53] INFO generate_responses: GPU 0: NVIDIA A100-SXM4-80GB, 81920 MiB, 73143 MiB, 535.230.02
[2026-04-05 04:19:53] INFO generate_responses: GPU 1: NVIDIA A100-SXM4-80GB, 81920 MiB, 70991 MiB, 535.230.02
[2026-04-05 04:19:53] INFO generate_responses: Loading model at checkpoint 0 ...
[2026-04-05 04:20:00] INFO generate_responses: Checkpoint 0 — Alpaca eval
[2026-04-05 04:23:00] INFO generate_responses: GPU 0: NVIDIA A100-SXM4-80GB, 81920 MiB, 73143 MiB, 535.230.02
[2026-04-05 04:23:00] INFO generate_responses: GPU 1: NVIDIA A100-SXM4-80GB, 81920 MiB, 70991 MiB, 535.230.02
[2026-04-05 04:23:00] INFO generate_responses: Loading model at checkpoint 0 ...
[2026-04-05 04:23:06] INFO generate_responses: Checkpoint 0 — Alpaca eval
[2026-04-05 04:25:11] INFO generate_responses: GPU 0: NVIDIA A100-SXM4-80GB, 81920 MiB, 71095 MiB, 535.230.02
[2026-04-05 04:25:11] INFO generate_responses: GPU 1: NVIDIA A100-SXM4-80GB, 81920 MiB, 68439 MiB, 535.230.02
[2026-04-05 04:25:11] INFO generate_responses: Loading model at checkpoint 0 ...
[2026-04-05 04:25:18] INFO generate_responses: Checkpoint 0 — Alpaca eval
[2026-04-05 05:44:23] INFO generate_responses:   Saved 150 responses → logs/responses_ckpt0_alpaca.jsonl
[2026-04-05 05:44:23] INFO generate_responses: Checkpoint 0 — JSON eval
[2026-04-05 06:46:30] INFO generate_responses:   Saved 100 responses → logs/responses_ckpt0_json.jsonl
[2026-04-05 06:46:30] INFO generate_responses: All inference complete.
[2026-04-05 15:51:02] INFO generate_responses: GPU 0: NVIDIA A100-SXM4-80GB, 81920 MiB, 81050 MiB, 535.230.02
[2026-04-05 15:51:02] INFO generate_responses: GPU 1: NVIDIA A100-SXM4-80GB, 81920 MiB, 81050 MiB, 535.230.02
[2026-04-05 15:51:02] INFO generate_responses: Loading model at checkpoint 1 ...
[2026-04-05 15:51:20] INFO generate_responses: Checkpoint 1 — Alpaca eval
[2026-04-05 16:41:54] INFO generate_responses:   Saved 150 responses → logs/responses_ckpt1_alpaca.jsonl
[2026-04-05 16:41:54] INFO generate_responses: Checkpoint 1 — JSON eval
[2026-04-05 17:17:41] INFO generate_responses:   Saved 100 responses → logs/responses_ckpt1_json.jsonl
[2026-04-05 17:17:41] INFO generate_responses: All inference complete.
[2026-04-05 17:18:08] INFO generate_responses: GPU 0: NVIDIA A100-SXM4-80GB, 81920 MiB, 81050 MiB, 535.230.02
[2026-04-05 17:18:08] INFO generate_responses: GPU 1: NVIDIA A100-SXM4-80GB, 81920 MiB, 81050 MiB, 535.230.02
[2026-04-05 17:18:08] INFO generate_responses: Loading model at checkpoint 2 ...
[2026-04-05 17:18:26] INFO generate_responses: Checkpoint 2 — Alpaca eval
[2026-04-05 18:07:55] INFO generate_responses:   Saved 150 responses → logs/responses_ckpt2_alpaca.jsonl
[2026-04-05 18:07:55] INFO generate_responses: Checkpoint 2 — JSON eval
[2026-04-05 18:44:52] INFO generate_responses:   Saved 100 responses → logs/responses_ckpt2_json.jsonl
[2026-04-05 18:44:52] INFO generate_responses: All inference complete.
[2026-04-06 03:53:07] INFO generate_responses: GPU 0: NVIDIA A100-SXM4-80GB, 81920 MiB, 81050 MiB, 535.230.02
[2026-04-06 03:53:07] INFO generate_responses: GPU 1: NVIDIA A100-SXM4-80GB, 81920 MiB, 81050 MiB, 535.230.02
[2026-04-06 03:53:07] INFO generate_responses: Loading model at checkpoint 2 ...
[2026-04-06 03:53:23] INFO generate_responses: Checkpoint 2 — Alpaca eval
[2026-04-06 04:42:54] INFO generate_responses:   Saved 150 responses → logs/responses_ckpt2_alpaca_ablr1e5.jsonl
[2026-04-06 04:42:54] INFO generate_responses: Checkpoint 2 — JSON eval
[2026-04-06 05:19:58] INFO generate_responses:   Saved 100 responses → logs/responses_ckpt2_json_ablr1e5.jsonl
[2026-04-06 05:19:58] INFO generate_responses: All inference complete.
[2026-04-06 05:20:05] INFO generate_responses: GPU 0: NVIDIA A100-SXM4-80GB, 81920 MiB, 81050 MiB, 535.230.02
[2026-04-06 05:20:05] INFO generate_responses: GPU 1: NVIDIA A100-SXM4-80GB, 81920 MiB, 81050 MiB, 535.230.02
[2026-04-06 05:20:05] INFO generate_responses: Loading model at checkpoint 2 ...
[2026-04-06 05:20:19] INFO generate_responses: Checkpoint 2 — Alpaca eval
[2026-04-06 06:08:52] INFO generate_responses:   Saved 150 responses → logs/responses_ckpt2_alpaca_abfrac50.jsonl
[2026-04-06 06:08:52] INFO generate_responses: Checkpoint 2 — JSON eval
[2026-04-06 06:46:33] INFO generate_responses:   Saved 100 responses → logs/responses_ckpt2_json_abfrac50.jsonl
[2026-04-06 06:46:33] INFO generate_responses: All inference complete.
