[2026-04-06 03:46:34] INFO stage2_train_ablr1e5: ============================================================
[2026-04-06 03:46:34] INFO stage2_train_ablr1e5: Stage 2 — QLoRA fine-tuning on teacher-generated JSON data
[2026-04-06 03:46:34] INFO stage2_train_ablr1e5: ============================================================
[2026-04-06 03:46:34] INFO stage2_train_ablr1e5: GPU 0: NVIDIA A100-SXM4-80GB, 81920 MiB, 81050 MiB, 535.230.02
[2026-04-06 03:46:34] INFO stage2_train_ablr1e5: GPU 1: NVIDIA A100-SXM4-80GB, 81920 MiB, 81050 MiB, 535.230.02
[2026-04-06 03:46:34] INFO stage2_train_ablr1e5: Loading tokenizer: microsoft/Phi-3.5-mini-instruct
[2026-04-06 03:46:34] INFO stage2_train_ablr1e5: Loading dataset: data/json_train.jsonl
[2026-04-06 03:46:35] INFO stage2_train_ablr1e5: Training examples: 981
[2026-04-06 03:46:35] INFO stage2_train_ablr1e5: Loading base model: microsoft/Phi-3.5-mini-instruct
[2026-04-06 03:46:41] INFO stage2_train_ablr1e5: Loading Stage 1 adapter from: checkpoints/stage1
[2026-04-06 03:46:48] INFO stage2_train_ablr1e5: Stage 1 adapter merged into base model.
[2026-04-06 03:46:50] INFO stage2_train_ablr1e5: Starting training ...
[2026-04-06 03:46:50] INFO stage2_train_ablr1e5:   Epochs:            2
[2026-04-06 03:46:50] INFO stage2_train_ablr1e5:   Batch size:        4
[2026-04-06 03:46:50] INFO stage2_train_ablr1e5:   Grad accum steps:  4
[2026-04-06 03:46:50] INFO stage2_train_ablr1e5:   Effective batch:   16
[2026-04-06 03:46:50] INFO stage2_train_ablr1e5:   Learning rate:     1e-05
[2026-04-06 03:46:50] INFO stage2_train_ablr1e5:   Max seq length:    1024
[2026-04-06 03:47:37] INFO stage2_train_ablr1e5: step=25  loss=1.1496
[2026-04-06 03:48:23] INFO stage2_train_ablr1e5: step=50  loss=0.9967
[2026-04-06 03:49:08] INFO stage2_train_ablr1e5: step=75  loss=0.9723
[2026-04-06 03:49:53] INFO stage2_train_ablr1e5: step=100  loss=0.9261
[2026-04-06 03:50:36] INFO stage2_train_ablr1e5: Saving adapter to checkpoints/stage2_ablr1e5 ...
[2026-04-06 03:50:36] INFO stage2_train_ablr1e5: Stage 2 training complete.
