
Map:   0%|          | 0/981 [00:00<?, ? examples/s]
Map:  86%|████████▌ | 843/981 [00:00<00:00, 8346.61 examples/s]
Map: 100%|██████████| 981/981 [00:00<00:00, 8207.69 examples/s]
`torch_dtype` is deprecated! Use `dtype` instead!
`flash-attention` package not found, consider installing for better performance: No module named 'flash_attn'.
Current `flash-attention` does not support `window_size`. Either upgrade or use `attn_implementation='eager'`.

Loading checkpoint shards:   0%|          | 0/2 [00:00<?, ?it/s]
Loading checkpoint shards:  50%|█████     | 1/2 [00:01<00:01,  1.64s/it]
Loading checkpoint shards: 100%|██████████| 2/2 [00:02<00:00,  1.17s/it]
Loading checkpoint shards: 100%|██████████| 2/2 [00:02<00:00,  1.24s/it]
/root/miniconda3/envs/nlp-assignment3/lib/python3.10/site-packages/peft/tuners/lora/bnb.py:397: UserWarning: Merge lora module to 4-bit linear may get different generations due to rounding errors.
  warnings.warn(
/root/miniconda3/envs/nlp-assignment3/lib/python3.10/site-packages/peft/tuners/tuners_utils.py:282: UserWarning: Already found a `peft_config` attribute in the model. This will lead to having multiple adapters in the model. Make sure to know what you are doing!
  warnings.warn(

Adding EOS to train dataset:   0%|          | 0/981 [00:00<?, ? examples/s]
Adding EOS to train dataset: 100%|██████████| 981/981 [00:00<00:00, 24135.31 examples/s]

Tokenizing train dataset:   0%|          | 0/981 [00:00<?, ? examples/s]
Tokenizing train dataset:  21%|██        | 203/981 [00:00<00:00, 2009.93 examples/s]
Tokenizing train dataset:  50%|█████     | 493/981 [00:00<00:00, 2527.89 examples/s]
Tokenizing train dataset:  80%|███████▉  | 782/981 [00:00<00:00, 2688.70 examples/s]
Tokenizing train dataset: 100%|██████████| 981/981 [00:00<00:00, 2320.69 examples/s]

  0%|          | 0/124 [00:00<?, ?it/s]huggingface/tokenizers: The current process just got forked, after parallelism has already been used. Disabling parallelism to avoid deadlocks...
To disable this warning, you can either:
	- Avoid using `tokenizers` before the fork if possible
	- Explicitly set the environment variable TOKENIZERS_PARALLELISM=(true | false)
huggingface/tokenizers: The current process just got forked, after parallelism has already been used. Disabling parallelism to avoid deadlocks...
To disable this warning, you can either:
	- Avoid using `tokenizers` before the fork if possible
	- Explicitly set the environment variable TOKENIZERS_PARALLELISM=(true | false)
huggingface/tokenizers: The current process just got forked, after parallelism has already been used. Disabling parallelism to avoid deadlocks...
To disable this warning, you can either:
	- Avoid using `tokenizers` before the fork if possible
	- Explicitly set the environment variable TOKENIZERS_PARALLELISM=(true | false)
huggingface/tokenizers: The current process just got forked, after parallelism has already been used. Disabling parallelism to avoid deadlocks...
To disable this warning, you can either:
	- Avoid using `tokenizers` before the fork if possible
	- Explicitly set the environment variable TOKENIZERS_PARALLELISM=(true | false)
You are not running the flash-attention implementation, expect numerical differences.

  1%|          | 1/124 [00:03<06:23,  3.11s/it]
  2%|▏         | 2/124 [00:05<05:09,  2.54s/it]
  2%|▏         | 3/124 [00:07<04:37,  2.29s/it]
  3%|▎         | 4/124 [00:09<04:20,  2.17s/it]
  4%|▍         | 5/124 [00:11<04:15,  2.15s/it]
  5%|▍         | 6/124 [00:13<04:09,  2.12s/it]
  6%|▌         | 7/124 [00:15<04:03,  2.08s/it]
  6%|▋         | 8/124 [00:17<04:12,  2.17s/it]
  7%|▋         | 9/124 [00:19<04:08,  2.16s/it]
  8%|▊         | 10/124 [00:21<03:59,  2.10s/it]
  9%|▉         | 11/124 [00:23<03:53,  2.07s/it]
 10%|▉         | 12/124 [00:25<03:49,  2.05s/it]
 10%|█         | 13/124 [00:28<03:52,  2.09s/it]
 11%|█▏        | 14/124 [00:30<03:46,  2.06s/it]
 12%|█▏        | 15/124 [00:32<03:47,  2.08s/it]
 13%|█▎        | 16/124 [00:34<03:55,  2.18s/it]
 14%|█▎        | 17/124 [00:36<03:52,  2.17s/it]
 15%|█▍        | 18/124 [00:38<03:45,  2.13s/it]
 15%|█▌        | 19/124 [00:40<03:40,  2.10s/it]
 16%|█▌        | 20/124 [00:42<03:35,  2.07s/it]
 17%|█▋        | 21/124 [00:44<03:30,  2.04s/it]
 18%|█▊        | 22/124 [00:46<03:28,  2.04s/it]
 19%|█▊        | 23/124 [00:48<03:29,  2.08s/it]
 19%|█▉        | 24/124 [00:51<03:34,  2.14s/it]
 20%|██        | 25/124 [00:53<03:29,  2.11s/it]
                                                

 20%|██        | 25/124 [00:53<03:29,  2.11s/it]
 21%|██        | 26/124 [00:55<03:27,  2.12s/it]
 22%|██▏       | 27/124 [00:57<03:24,  2.11s/it]
 23%|██▎       | 28/124 [00:59<03:23,  2.12s/it]
 23%|██▎       | 29/124 [01:01<03:19,  2.09s/it]
 24%|██▍       | 30/124 [01:03<03:14,  2.07s/it]
 25%|██▌       | 31/124 [01:05<03:09,  2.04s/it]
 26%|██▌       | 32/124 [01:07<03:07,  2.04s/it]
 27%|██▋       | 33/124 [01:09<03:11,  2.10s/it]
 27%|██▋       | 34/124 [01:11<03:05,  2.07s/it]
 28%|██▊       | 35/124 [01:14<03:04,  2.07s/it]
 29%|██▉       | 36/124 [01:16<02:59,  2.04s/it]
 30%|██▉       | 37/124 [01:17<02:54,  2.01s/it]
 31%|███       | 38/124 [01:20<02:53,  2.02s/it]
 31%|███▏      | 39/124 [01:22<02:51,  2.02s/it]
 32%|███▏      | 40/124 [01:24<02:53,  2.06s/it]
 33%|███▎      | 41/124 [01:26<02:55,  2.11s/it]
 34%|███▍      | 42/124 [01:28<02:50,  2.08s/it]
 35%|███▍      | 43/124 [01:30<02:51,  2.11s/it]
 35%|███▌      | 44/124 [01:32<02:45,  2.07s/it]
 36%|███▋      | 45/124 [01:34<02:44,  2.08s/it]
 37%|███▋      | 46/124 [01:36<02:40,  2.06s/it]
 38%|███▊      | 47/124 [01:38<02:35,  2.02s/it]
 39%|███▊      | 48/124 [01:40<02:34,  2.03s/it]
 40%|███▉      | 49/124 [01:42<02:31,  2.02s/it]
 40%|████      | 50/124 [01:44<02:34,  2.08s/it]
                                                

 40%|████      | 50/124 [01:44<02:34,  2.08s/it]
 41%|████      | 51/124 [01:46<02:31,  2.08s/it]
 42%|████▏     | 52/124 [01:48<02:25,  2.03s/it]
 43%|████▎     | 53/124 [01:50<02:22,  2.01s/it]
 44%|████▎     | 54/124 [01:52<02:22,  2.04s/it]
 44%|████▍     | 55/124 [01:55<02:23,  2.08s/it]
 45%|████▌     | 56/124 [01:57<02:20,  2.07s/it]
 46%|████▌     | 57/124 [01:59<02:18,  2.07s/it]
 47%|████▋     | 58/124 [02:01<02:19,  2.11s/it]
 48%|████▊     | 59/124 [02:03<02:15,  2.08s/it]
 48%|████▊     | 60/124 [02:05<02:11,  2.06s/it]
 49%|████▉     | 61/124 [02:07<02:08,  2.04s/it]
 50%|█████     | 62/124 [02:08<01:46,  1.72s/it]huggingface/tokenizers: The current process just got forked, after parallelism has already been used. Disabling parallelism to avoid deadlocks...
To disable this warning, you can either:
	- Avoid using `tokenizers` before the fork if possible
	- Explicitly set the environment variable TOKENIZERS_PARALLELISM=(true | false)
huggingface/tokenizers: The current process just got forked, after parallelism has already been used. Disabling parallelism to avoid deadlocks...
To disable this warning, you can either:
	- Avoid using `tokenizers` before the fork if possible
	- Explicitly set the environment variable TOKENIZERS_PARALLELISM=(true | false)
huggingface/tokenizers: The current process just got forked, after parallelism has already been used. Disabling parallelism to avoid deadlocks...
To disable this warning, you can either:
	- Avoid using `tokenizers` before the fork if possible
	- Explicitly set the environment variable TOKENIZERS_PARALLELISM=(true | false)
huggingface/tokenizers: The current process just got forked, after parallelism has already been used. Disabling parallelism to avoid deadlocks...
To disable this warning, you can either:
	- Avoid using `tokenizers` before the fork if possible
	- Explicitly set the environment variable TOKENIZERS_PARALLELISM=(true | false)

 51%|█████     | 63/124 [02:10<01:54,  1.88s/it]
 52%|█████▏    | 64/124 [02:12<01:59,  2.00s/it]
 52%|█████▏    | 65/124 [02:15<02:02,  2.07s/it]
 53%|█████▎    | 66/124 [02:17<01:59,  2.07s/it]
 54%|█████▍    | 67/124 [02:19<01:57,  2.06s/it]
 55%|█████▍    | 68/124 [02:21<01:53,  2.02s/it]
 56%|█████▌    | 69/124 [02:23<01:51,  2.03s/it]
 56%|█████▋    | 70/124 [02:25<01:47,  1.99s/it]
 57%|█████▋    | 71/124 [02:27<01:46,  2.00s/it]
 58%|█████▊    | 72/124 [02:29<01:44,  2.01s/it]
 59%|█████▉    | 73/124 [02:31<01:45,  2.06s/it]
 60%|█████▉    | 74/124 [02:33<01:41,  2.02s/it]
 60%|██████    | 75/124 [02:35<01:43,  2.12s/it]
                                                

 60%|██████    | 75/124 [02:35<01:43,  2.12s/it]
 61%|██████▏   | 76/124 [02:37<01:41,  2.11s/it]
 62%|██████▏   | 77/124 [02:39<01:36,  2.05s/it]
 63%|██████▎   | 78/124 [02:41<01:34,  2.06s/it]
 64%|██████▎   | 79/124 [02:43<01:31,  2.04s/it]
 65%|██████▍   | 80/124 [02:45<01:29,  2.03s/it]
 65%|██████▌   | 81/124 [02:47<01:25,  1.98s/it]
 66%|██████▌   | 82/124 [02:49<01:23,  1.99s/it]
 67%|██████▋   | 83/124 [02:52<01:26,  2.11s/it]
 68%|██████▊   | 84/124 [02:54<01:22,  2.07s/it]
 69%|██████▊   | 85/124 [02:56<01:20,  2.06s/it]
 69%|██████▉   | 86/124 [02:58<01:19,  2.08s/it]
 70%|███████   | 87/124 [03:00<01:17,  2.10s/it]
 71%|███████   | 88/124 [03:02<01:15,  2.09s/it]
 72%|███████▏  | 89/124 [03:04<01:13,  2.09s/it]
 73%|███████▎  | 90/124 [03:06<01:10,  2.07s/it]
 73%|███████▎  | 91/124 [03:08<01:07,  2.06s/it]
 74%|███████▍  | 92/124 [03:10<01:08,  2.13s/it]
 75%|███████▌  | 93/124 [03:12<01:05,  2.12s/it]
 76%|███████▌  | 94/124 [03:15<01:03,  2.11s/it]
 77%|███████▋  | 95/124 [03:17<01:00,  2.08s/it]
 77%|███████▋  | 96/124 [03:18<00:57,  2.05s/it]
 78%|███████▊  | 97/124 [03:21<00:55,  2.04s/it]
 79%|███████▉  | 98/124 [03:23<00:53,  2.04s/it]
 80%|███████▉  | 99/124 [03:25<00:50,  2.02s/it]
 81%|████████  | 100/124 [03:27<00:50,  2.10s/it]
                                                 

 81%|████████  | 100/124 [03:27<00:50,  2.10s/it]
 81%|████████▏ | 101/124 [03:29<00:48,  2.10s/it]
 82%|████████▏ | 102/124 [03:31<00:45,  2.08s/it]
 83%|████████▎ | 103/124 [03:33<00:43,  2.05s/it]
 84%|████████▍ | 104/124 [03:35<00:40,  2.03s/it]
 85%|████████▍ | 105/124 [03:37<00:38,  2.02s/it]
 85%|████████▌ | 106/124 [03:39<00:36,  2.04s/it]
 86%|████████▋ | 107/124 [03:41<00:34,  2.01s/it]
 87%|████████▋ | 108/124 [03:43<00:33,  2.07s/it]
 88%|████████▊ | 109/124 [03:45<00:31,  2.07s/it]
 89%|████████▊ | 110/124 [03:47<00:29,  2.08s/it]
 90%|████████▉ | 111/124 [03:49<00:26,  2.06s/it]
 90%|█████████ | 112/124 [03:52<00:25,  2.11s/it]
 91%|█████████ | 113/124 [03:54<00:23,  2.10s/it]
 92%|█████████▏| 114/124 [03:56<00:21,  2.10s/it]
 93%|█████████▎| 115/124 [03:58<00:18,  2.02s/it]
 94%|█████████▎| 116/124 [04:00<00:16,  2.10s/it]
 94%|█████████▍| 117/124 [04:02<00:14,  2.06s/it]
 95%|█████████▌| 118/124 [04:04<00:12,  2.02s/it]
 96%|█████████▌| 119/124 [04:06<00:10,  2.05s/it]
 97%|█████████▋| 120/124 [04:08<00:08,  2.05s/it]
 98%|█████████▊| 121/124 [04:10<00:06,  2.02s/it]
 98%|█████████▊| 122/124 [04:12<00:03,  2.00s/it]
 99%|█████████▉| 123/124 [04:14<00:02,  2.03s/it]
100%|██████████| 124/124 [04:15<00:00,  1.77s/it]
                                                 

100%|██████████| 124/124 [04:16<00:00,  1.77s/it]
100%|██████████| 124/124 [04:16<00:00,  2.07s/it]

[2026-04-05 15:51:16] INFO stage2_train: ============================================================
[2026-04-05 15:51:16] INFO stage2_train: Stage 2 — QLoRA fine-tuning on teacher-generated JSON data
[2026-04-05 15:51:16] INFO stage2_train: ============================================================
[2026-04-05 15:51:16] INFO stage2_train: GPU 0: NVIDIA A100-SXM4-80GB, 81920 MiB, 78355 MiB, 535.230.02
[2026-04-05 15:51:16] INFO stage2_train: GPU 1: NVIDIA A100-SXM4-80GB, 81920 MiB, 78011 MiB, 535.230.02
[2026-04-05 15:51:16] INFO stage2_train: Loading tokenizer: microsoft/Phi-3.5-mini-instruct
[2026-04-05 15:51:16] INFO stage2_train: Loading dataset: data/json_train.jsonl
[2026-04-05 15:51:16] INFO stage2_train: Training examples: 981
[2026-04-05 15:51:16] INFO stage2_train: Loading base model: microsoft/Phi-3.5-mini-instruct
[2026-04-05 15:51:22] INFO stage2_train: Loading Stage 1 adapter from: checkpoints/stage1
[2026-04-05 15:51:33] INFO stage2_train: Stage 1 adapter merged into base model.
trainable params: 25,165,824 || all params: 3,846,245,376 || trainable%: 0.6543
[2026-04-05 15:51:35] INFO stage2_train: Starting training ...
[2026-04-05 15:51:35] INFO stage2_train:   Epochs:            2
[2026-04-05 15:51:35] INFO stage2_train:   Batch size:        4
[2026-04-05 15:51:35] INFO stage2_train:   Grad accum steps:  4
[2026-04-05 15:51:35] INFO stage2_train:   Effective batch:   16
[2026-04-05 15:51:35] INFO stage2_train:   Learning rate:     2e-05
[2026-04-05 15:51:35] INFO stage2_train:   Max seq length:    1024
[2026-04-05 15:52:29] INFO stage2_train: step=25  loss=1.0909
{'loss': 1.0909, 'grad_norm': 0.46484375, 'learning_rate': 1.866025403784439e-05, 'entropy': 0.8599936181306839, 'num_tokens': 76269.0, 'mean_token_accuracy': 0.7517768740653992, 'epoch': 0.41}
[2026-04-05 15:53:20] INFO stage2_train: step=50  loss=0.8829
{'loss': 0.8829, 'grad_norm': 0.455078125, 'learning_rate': 1.3826834323650899e-05, 'entropy': 0.8907897615432739, 'num_tokens': 151683.0, 'mean_token_accuracy': 0.7773911517858505, 'epoch': 0.81}
[2026-04-05 15:54:11] INFO stage2_train: step=75  loss=0.8154
{'loss': 0.8154, 'grad_norm': 0.38671875, 'learning_rate': 7.411809548974792e-06, 'entropy': 0.872431006966805, 'num_tokens': 225353.0, 'mean_token_accuracy': 0.7858525356467889, 'epoch': 1.21}
[2026-04-05 15:55:03] INFO stage2_train: step=100  loss=0.7505
{'loss': 0.7505, 'grad_norm': 0.392578125, 'learning_rate': 2.0664665970876496e-06, 'entropy': 0.8057347273826599, 'num_tokens': 301044.0, 'mean_token_accuracy': 0.8033883285522461, 'epoch': 1.62}
{'train_runtime': 256.4342, 'train_samples_per_second': 7.651, 'train_steps_per_second': 0.484, 'train_loss': 0.8623645843998078, 'entropy': 0.8191732662789365, 'num_tokens': 371554.0, 'mean_token_accuracy': 0.7968413747371511, 'epoch': 2.0}
[2026-04-05 15:55:52] INFO stage2_train: Saving adapter to checkpoints/stage2 ...
[2026-04-05 15:55:52] INFO stage2_train: Stage 2 training complete.

