[2026-04-05 03:57:14] INFO stage1_train: ============================================================
[2026-04-05 03:57:14] INFO stage1_train: Stage 1 — QLoRA fine-tuning on Alpaca data
[2026-04-05 03:57:14] INFO stage1_train: ============================================================
[2026-04-05 03:57:14] INFO stage1_train: GPU 0: NVIDIA A100-SXM4-80GB, 81920 MiB, 81050 MiB, 535.230.02
[2026-04-05 03:57:14] INFO stage1_train: GPU 1: NVIDIA A100-SXM4-80GB, 81920 MiB, 81050 MiB, 535.230.02
[2026-04-05 03:57:14] INFO stage1_train: Loading tokenizer: microsoft/Phi-3.5-mini-instruct
[2026-04-05 03:57:17] INFO stage1_train: Loading dataset: data/alpaca_train.jsonl
[2026-04-05 03:57:24] INFO stage1_train: Training examples: 50939
[2026-04-05 03:57:24] INFO stage1_train: Loading model: microsoft/Phi-3.5-mini-instruct
[2026-04-05 03:59:14] INFO stage1_train: ============================================================
[2026-04-05 03:59:14] INFO stage1_train: Stage 1 — QLoRA fine-tuning on Alpaca data
[2026-04-05 03:59:14] INFO stage1_train: ============================================================
[2026-04-05 03:59:14] INFO stage1_train: GPU 0: NVIDIA A100-SXM4-80GB, 81920 MiB, 81050 MiB, 535.230.02
[2026-04-05 03:59:14] INFO stage1_train: GPU 1: NVIDIA A100-SXM4-80GB, 81920 MiB, 81050 MiB, 535.230.02
[2026-04-05 03:59:14] INFO stage1_train: Loading tokenizer: microsoft/Phi-3.5-mini-instruct
[2026-04-05 03:59:15] INFO stage1_train: Loading dataset: data/alpaca_train.jsonl
[2026-04-05 03:59:22] INFO stage1_train: Training examples: 50939
[2026-04-05 03:59:22] INFO stage1_train: Loading model: microsoft/Phi-3.5-mini-instruct
[2026-04-05 03:59:53] INFO stage1_train: Starting training ...
[2026-04-05 03:59:53] INFO stage1_train:   Epochs:            3
[2026-04-05 03:59:53] INFO stage1_train:   Batch size:        4
[2026-04-05 03:59:53] INFO stage1_train:   Grad accum steps:  4
[2026-04-05 03:59:53] INFO stage1_train:   Effective batch:   16
[2026-04-05 03:59:53] INFO stage1_train:   Learning rate:     2e-05
[2026-04-05 03:59:53] INFO stage1_train:   Max seq length:    1024
[2026-04-05 04:01:41] INFO stage1_train: step=50  loss=1.2921
[2026-04-05 04:03:24] INFO stage1_train: step=100  loss=1.2577
[2026-04-05 04:05:12] INFO stage1_train: step=150  loss=1.1474
[2026-04-05 04:07:02] INFO stage1_train: step=200  loss=1.0791
[2026-04-05 04:08:49] INFO stage1_train: step=250  loss=1.0111
[2026-04-05 04:10:37] INFO stage1_train: step=300  loss=0.9845
[2026-04-05 04:12:28] INFO stage1_train: step=350  loss=0.9561
[2026-04-05 04:14:17] INFO stage1_train: step=400  loss=0.9715
[2026-04-05 04:16:03] INFO stage1_train: step=450  loss=0.9654
[2026-04-05 04:17:51] INFO stage1_train: step=500  loss=0.9770
[2026-04-05 04:19:37] INFO stage1_train: step=550  loss=0.9598
[2026-04-05 04:21:25] INFO stage1_train: step=600  loss=0.9562
[2026-04-05 04:23:12] INFO stage1_train: step=650  loss=0.9339
[2026-04-05 04:25:02] INFO stage1_train: step=700  loss=0.9465
[2026-04-05 04:27:07] INFO stage1_train: step=750  loss=0.9324
[2026-04-05 04:29:16] INFO stage1_train: step=800  loss=0.9475
[2026-04-05 04:31:21] INFO stage1_train: step=850  loss=0.9710
[2026-04-05 04:33:25] INFO stage1_train: step=900  loss=0.9534
[2026-04-05 04:35:36] INFO stage1_train: step=950  loss=0.9518
[2026-04-05 04:37:41] INFO stage1_train: step=1000  loss=0.9438
[2026-04-05 04:39:49] INFO stage1_train: step=1050  loss=0.9354
[2026-04-05 04:41:57] INFO stage1_train: step=1100  loss=0.9380
[2026-04-05 04:44:03] INFO stage1_train: step=1150  loss=0.9319
[2026-04-05 04:46:10] INFO stage1_train: step=1200  loss=0.9418
[2026-04-05 04:48:17] INFO stage1_train: step=1250  loss=0.9398
[2026-04-05 04:50:23] INFO stage1_train: step=1300  loss=0.9563
[2026-04-05 04:52:30] INFO stage1_train: step=1350  loss=0.9482
[2026-04-05 04:54:39] INFO stage1_train: step=1400  loss=0.9328
[2026-04-05 04:56:42] INFO stage1_train: step=1450  loss=0.9642
[2026-04-05 04:58:49] INFO stage1_train: step=1500  loss=0.9247
[2026-04-05 05:00:53] INFO stage1_train: step=1550  loss=0.9479
[2026-04-05 05:02:55] INFO stage1_train: step=1600  loss=0.9391
[2026-04-05 05:05:03] INFO stage1_train: step=1650  loss=0.9204
[2026-04-05 05:07:13] INFO stage1_train: step=1700  loss=0.9256
[2026-04-05 05:09:19] INFO stage1_train: step=1750  loss=0.9551
[2026-04-05 05:11:26] INFO stage1_train: step=1800  loss=0.9176
[2026-04-05 05:13:31] INFO stage1_train: step=1850  loss=0.9484
[2026-04-05 05:15:38] INFO stage1_train: step=1900  loss=0.9443
[2026-04-05 05:17:43] INFO stage1_train: step=1950  loss=0.9446
[2026-04-05 05:19:51] INFO stage1_train: step=2000  loss=0.9161
[2026-04-05 05:21:59] INFO stage1_train: step=2050  loss=0.9329
[2026-04-05 05:24:09] INFO stage1_train: step=2100  loss=0.9252
[2026-04-05 05:26:14] INFO stage1_train: step=2150  loss=0.9455
[2026-04-05 05:28:18] INFO stage1_train: step=2200  loss=0.9489
[2026-04-05 05:30:26] INFO stage1_train: step=2250  loss=0.9372
[2026-04-05 05:32:35] INFO stage1_train: step=2300  loss=0.9415
[2026-04-05 05:34:42] INFO stage1_train: step=2350  loss=0.9293
[2026-04-05 05:36:51] INFO stage1_train: step=2400  loss=0.9294
[2026-04-05 05:38:58] INFO stage1_train: step=2450  loss=0.9333
[2026-04-05 05:41:06] INFO stage1_train: step=2500  loss=0.9312
[2026-04-05 05:43:11] INFO stage1_train: step=2550  loss=0.9413
[2026-04-05 05:45:13] INFO stage1_train: step=2600  loss=0.9391
[2026-04-05 05:47:14] INFO stage1_train: step=2650  loss=0.9391
[2026-04-05 05:49:16] INFO stage1_train: step=2700  loss=0.9333
[2026-04-05 05:51:23] INFO stage1_train: step=2750  loss=0.9499
[2026-04-05 05:53:31] INFO stage1_train: step=2800  loss=0.9418
[2026-04-05 05:55:42] INFO stage1_train: step=2850  loss=0.9217
[2026-04-05 05:57:52] INFO stage1_train: step=2900  loss=0.9337
[2026-04-05 05:59:55] INFO stage1_train: step=2950  loss=0.9578
[2026-04-05 06:02:00] INFO stage1_train: step=3000  loss=0.9448
[2026-04-05 06:04:10] INFO stage1_train: step=3050  loss=0.9382
[2026-04-05 06:06:15] INFO stage1_train: step=3100  loss=0.9190
[2026-04-05 06:08:22] INFO stage1_train: step=3150  loss=0.9138
[2026-04-05 06:10:31] INFO stage1_train: step=3200  loss=0.9345
[2026-04-05 06:12:38] INFO stage1_train: step=3250  loss=0.9020
[2026-04-05 06:14:58] INFO stage1_train: step=3300  loss=0.9143
[2026-04-05 06:17:13] INFO stage1_train: step=3350  loss=0.9187
[2026-04-05 06:19:18] INFO stage1_train: step=3400  loss=0.9337
[2026-04-05 06:21:27] INFO stage1_train: step=3450  loss=0.9111
[2026-04-05 06:23:30] INFO stage1_train: step=3500  loss=0.9459
[2026-04-05 06:25:36] INFO stage1_train: step=3550  loss=0.9432
[2026-04-05 06:27:40] INFO stage1_train: step=3600  loss=0.9497
[2026-04-05 06:29:57] INFO stage1_train: step=3650  loss=0.9425
[2026-04-05 06:32:14] INFO stage1_train: step=3700  loss=0.9166
[2026-04-05 06:34:28] INFO stage1_train: step=3750  loss=0.9241
[2026-04-05 06:36:43] INFO stage1_train: step=3800  loss=0.9284
[2026-04-05 06:38:50] INFO stage1_train: step=3850  loss=0.9508
[2026-04-05 06:40:58] INFO stage1_train: step=3900  loss=0.9202
[2026-04-05 06:43:03] INFO stage1_train: step=3950  loss=0.9182
[2026-04-05 06:45:08] INFO stage1_train: step=4000  loss=0.9220
[2026-04-05 06:47:07] INFO stage1_train: step=4050  loss=0.9317
[2026-04-05 06:48:56] INFO stage1_train: step=4100  loss=0.9117
[2026-04-05 06:50:43] INFO stage1_train: step=4150  loss=0.9531
[2026-04-05 06:52:28] INFO stage1_train: step=4200  loss=0.9228
[2026-04-05 06:54:17] INFO stage1_train: step=4250  loss=0.9229
[2026-04-05 06:56:03] INFO stage1_train: step=4300  loss=0.9350
[2026-04-05 06:57:51] INFO stage1_train: step=4350  loss=0.9405
[2026-04-05 06:59:35] INFO stage1_train: step=4400  loss=0.9220
[2026-04-05 07:01:24] INFO stage1_train: step=4450  loss=0.9337
[2026-04-05 07:03:13] INFO stage1_train: step=4500  loss=0.9303
[2026-04-05 07:05:00] INFO stage1_train: step=4550  loss=0.9346
[2026-04-05 07:06:47] INFO stage1_train: step=4600  loss=0.9267
[2026-04-05 07:08:36] INFO stage1_train: step=4650  loss=0.9187
[2026-04-05 07:10:24] INFO stage1_train: step=4700  loss=0.9297
[2026-04-05 07:12:12] INFO stage1_train: step=4750  loss=0.9077
[2026-04-05 07:14:00] INFO stage1_train: step=4800  loss=0.9141
[2026-04-05 07:15:46] INFO stage1_train: step=4850  loss=0.9449
[2026-04-05 07:17:35] INFO stage1_train: step=4900  loss=0.9300
[2026-04-05 07:19:20] INFO stage1_train: step=4950  loss=0.9232
[2026-04-05 07:21:08] INFO stage1_train: step=5000  loss=0.9219
[2026-04-05 07:22:57] INFO stage1_train: step=5050  loss=0.9362
[2026-04-05 07:24:44] INFO stage1_train: step=5100  loss=0.9060
[2026-04-05 07:26:28] INFO stage1_train: step=5150  loss=0.9441
[2026-04-05 07:28:16] INFO stage1_train: step=5200  loss=0.9432
[2026-04-05 07:30:04] INFO stage1_train: step=5250  loss=0.9159
[2026-04-05 07:31:48] INFO stage1_train: step=5300  loss=0.9325
[2026-04-05 07:33:33] INFO stage1_train: step=5350  loss=0.9584
[2026-04-05 07:35:19] INFO stage1_train: step=5400  loss=0.9356
[2026-04-05 07:37:08] INFO stage1_train: step=5450  loss=0.9180
[2026-04-05 07:38:57] INFO stage1_train: step=5500  loss=0.9272
[2026-04-05 07:40:47] INFO stage1_train: step=5550  loss=0.9180
[2026-04-05 07:42:34] INFO stage1_train: step=5600  loss=0.9259
[2026-04-05 07:44:23] INFO stage1_train: step=5650  loss=0.9249
